2025-11-24 18:51:43,996:WARNING:
'cuml' is a soft dependency and not included in the pycaret installation. Please run: `pip install cuml` to install.
2025-11-24 18:51:43,996:WARNING:
'cuml' is a soft dependency and not included in the pycaret installation. Please run: `pip install cuml` to install.
2025-11-24 18:51:43,996:WARNING:
'cuml' is a soft dependency and not included in the pycaret installation. Please run: `pip install cuml` to install.
2025-11-24 18:51:43,996:WARNING:
'cuml' is a soft dependency and not included in the pycaret installation. Please run: `pip install cuml` to install.
2025-11-24 18:51:44,424:INFO:Initializing load_model()
2025-11-24 18:51:44,425:INFO:load_model(model_name=pycaret_best_housing_model, platform=None, authentication=None, verbose=True)
2025-11-24 18:51:54,461:WARNING:
'cuml' is a soft dependency and not included in the pycaret installation. Please run: `pip install cuml` to install.
2025-11-24 18:51:54,462:WARNING:
'cuml' is a soft dependency and not included in the pycaret installation. Please run: `pip install cuml` to install.
2025-11-24 18:51:54,462:WARNING:
'cuml' is a soft dependency and not included in the pycaret installation. Please run: `pip install cuml` to install.
2025-11-24 18:51:54,462:WARNING:
'cuml' is a soft dependency and not included in the pycaret installation. Please run: `pip install cuml` to install.
2025-11-24 18:51:54,808:INFO:Initializing load_model()
2025-11-24 18:51:54,808:INFO:load_model(model_name=pycaret_best_housing_model, platform=None, authentication=None, verbose=True)
2025-11-24 18:52:36,239:WARNING:
'cuml' is a soft dependency and not included in the pycaret installation. Please run: `pip install cuml` to install.
2025-11-24 18:52:36,239:WARNING:
'cuml' is a soft dependency and not included in the pycaret installation. Please run: `pip install cuml` to install.
2025-11-24 18:52:36,239:WARNING:
'cuml' is a soft dependency and not included in the pycaret installation. Please run: `pip install cuml` to install.
2025-11-24 18:52:36,239:WARNING:
'cuml' is a soft dependency and not included in the pycaret installation. Please run: `pip install cuml` to install.
2025-11-24 18:52:36,549:INFO:Initializing load_model()
2025-11-24 18:52:36,549:INFO:load_model(model_name=../Models/housing_prices/pycaret_best_housing_model, platform=None, authentication=None, verbose=True)
2025-11-24 18:53:09,512:WARNING:
'cuml' is a soft dependency and not included in the pycaret installation. Please run: `pip install cuml` to install.
2025-11-24 18:53:09,512:WARNING:
'cuml' is a soft dependency and not included in the pycaret installation. Please run: `pip install cuml` to install.
2025-11-24 18:53:09,512:WARNING:
'cuml' is a soft dependency and not included in the pycaret installation. Please run: `pip install cuml` to install.
2025-11-24 18:53:09,512:WARNING:
'cuml' is a soft dependency and not included in the pycaret installation. Please run: `pip install cuml` to install.
2025-11-24 18:53:09,836:INFO:Initializing load_model()
2025-11-24 18:53:09,836:INFO:load_model(model_name=../Models/housing_prices/pycaret_best_housing_model_10_lgbm.pkl, platform=None, authentication=None, verbose=True)
2025-11-24 18:54:28,265:WARNING:
'cuml' is a soft dependency and not included in the pycaret installation. Please run: `pip install cuml` to install.
2025-11-24 18:54:28,265:WARNING:
'cuml' is a soft dependency and not included in the pycaret installation. Please run: `pip install cuml` to install.
2025-11-24 18:54:28,265:WARNING:
'cuml' is a soft dependency and not included in the pycaret installation. Please run: `pip install cuml` to install.
2025-11-24 18:54:28,265:WARNING:
'cuml' is a soft dependency and not included in the pycaret installation. Please run: `pip install cuml` to install.
2025-11-24 18:54:28,649:INFO:Initializing load_model()
2025-11-24 18:54:28,649:INFO:load_model(model_name=../Models/housing_prices/pycaret_best_housing_model_10_lgbm, platform=None, authentication=None, verbose=True)
2025-11-24 18:55:17,693:WARNING:
'cuml' is a soft dependency and not included in the pycaret installation. Please run: `pip install cuml` to install.
2025-11-24 18:55:17,693:WARNING:
'cuml' is a soft dependency and not included in the pycaret installation. Please run: `pip install cuml` to install.
2025-11-24 18:55:17,693:WARNING:
'cuml' is a soft dependency and not included in the pycaret installation. Please run: `pip install cuml` to install.
2025-11-24 18:55:17,693:WARNING:
'cuml' is a soft dependency and not included in the pycaret installation. Please run: `pip install cuml` to install.
2025-11-24 18:55:18,038:INFO:Initializing load_model()
2025-11-24 18:55:18,038:INFO:load_model(model_name=../Models/housing_prices/pycaret_best_housing_model_10_lgbm, platform=None, authentication=None, verbose=True)
2025-11-24 18:56:01,278:WARNING:
'cuml' is a soft dependency and not included in the pycaret installation. Please run: `pip install cuml` to install.
2025-11-24 18:56:01,278:WARNING:
'cuml' is a soft dependency and not included in the pycaret installation. Please run: `pip install cuml` to install.
2025-11-24 18:56:01,278:WARNING:
'cuml' is a soft dependency and not included in the pycaret installation. Please run: `pip install cuml` to install.
2025-11-24 18:56:01,278:WARNING:
'cuml' is a soft dependency and not included in the pycaret installation. Please run: `pip install cuml` to install.
2025-11-24 18:56:01,695:INFO:Initializing load_model()
2025-11-24 18:56:01,695:INFO:load_model(model_name=../../Models/housing_prices/pycaret_best_housing_model_10_lgbm, platform=None, authentication=None, verbose=True)
2025-11-24 18:56:01,720:WARNING:C:\Users\tiebe\AppData\Local\Programs\Python\Python310\lib\site-packages\sklearn\base.py:376: InconsistentVersionWarning: Trying to unpickle estimator SimpleImputer from version 1.2.2 when using version 1.4.2. This might lead to breaking code or invalid results. Use at your own risk. For more info please refer to:
https://scikit-learn.org/stable/model_persistence.html#security-maintainability-limitations
  warnings.warn(

2025-11-24 18:56:35,891:WARNING:
'cuml' is a soft dependency and not included in the pycaret installation. Please run: `pip install cuml` to install.
2025-11-24 18:56:35,891:WARNING:
'cuml' is a soft dependency and not included in the pycaret installation. Please run: `pip install cuml` to install.
2025-11-24 18:56:35,892:WARNING:
'cuml' is a soft dependency and not included in the pycaret installation. Please run: `pip install cuml` to install.
2025-11-24 18:56:35,892:WARNING:
'cuml' is a soft dependency and not included in the pycaret installation. Please run: `pip install cuml` to install.
2025-11-24 18:56:36,315:INFO:Initializing load_model()
2025-11-24 18:56:36,316:INFO:load_model(model_name=../../Models/housing_prices/pycaret_best_housing_model_10_lgbm, platform=None, authentication=None, verbose=True)
2025-11-24 18:56:36,320:WARNING:C:\Users\tiebe\AppData\Local\Programs\Python\Python310\lib\site-packages\sklearn\base.py:376: InconsistentVersionWarning: Trying to unpickle estimator SimpleImputer from version 1.2.2 when using version 1.4.2. This might lead to breaking code or invalid results. Use at your own risk. For more info please refer to:
https://scikit-learn.org/stable/model_persistence.html#security-maintainability-limitations
  warnings.warn(

2025-11-24 19:09:04,752:WARNING:
'cuml' is a soft dependency and not included in the pycaret installation. Please run: `pip install cuml` to install.
2025-11-24 19:09:04,752:WARNING:
'cuml' is a soft dependency and not included in the pycaret installation. Please run: `pip install cuml` to install.
2025-11-24 19:09:04,752:WARNING:
'cuml' is a soft dependency and not included in the pycaret installation. Please run: `pip install cuml` to install.
2025-11-24 19:09:04,752:WARNING:
'cuml' is a soft dependency and not included in the pycaret installation. Please run: `pip install cuml` to install.
2025-11-24 19:09:05,172:INFO:Initializing load_model()
2025-11-24 19:09:05,172:INFO:load_model(model_name=C:\Users\tiebe\OneDrive\Bureaublad\Thomas more\3de Jaar\Machine Learning\Praktijk\CloudAI\CloudAI-Project\Models\housing_prices\pycaret_best_housing_model_10_lgbm, platform=None, authentication=None, verbose=True)
2025-11-24 19:09:05,177:WARNING:C:\Users\tiebe\AppData\Local\Programs\Python\Python310\lib\site-packages\sklearn\base.py:376: InconsistentVersionWarning: Trying to unpickle estimator SimpleImputer from version 1.2.2 when using version 1.4.2. This might lead to breaking code or invalid results. Use at your own risk. For more info please refer to:
https://scikit-learn.org/stable/model_persistence.html#security-maintainability-limitations
  warnings.warn(

2025-11-24 19:09:05,197:WARNING:C:\Users\tiebe\AppData\Local\Programs\Python\Python310\lib\site-packages\pycaret\internal\pipeline.py:148: UserWarning: Version mismatch:
current: {'deps_info': {'pip': '22.3.1', 'setuptools': '80.9.0', 'pycaret': '3.3.2', 'IPython': '8.37.0', 'ipywidgets': '8.1.8', 'tqdm': '4.67.1', 'numpy': '1.26.4', 'pandas': '2.1.4', 'jinja2': '3.1.6', 'scipy': '1.11.4', 'joblib': '1.3.2', 'sklearn': '1.4.2', 'pyod': '2.0.5', 'imblearn': '0.14.0', 'category_encoders': '2.7.0', 'lightgbm': '4.6.0', 'numba': '0.62.1', 'requests': '2.32.5', 'matplotlib': '3.7.5', 'scikitplot': '0.3.7', 'yellowbrick': '1.5', 'plotly': '5.24.1', 'plotly-resampler': 'Not installed', 'kaleido': '1.2.0', 'schemdraw': '0.15', 'statsmodels': '0.14.5', 'sktime': '0.26.0', 'tbats': '1.1.3', 'pmdarima': '2.0.4', 'psutil': '7.1.0', 'markupsafe': '3.0.2', 'pickle5': 'Not installed', 'cloudpickle': '3.1.2', 'deprecation': '2.1.0', 'xxhash': '3.6.0', 'wurlitzer': 'Not installed'}, 'python': {'version': '3.10.10', 'machine': 'AMD64'}}
pickle: {'deps_info': {'pip': '25.3', 'setuptools': '80.9.0', 'pycaret': '3.0.4', 'IPython': '8.37.0', 'ipywidgets': '8.1.8', 'tqdm': '4.67.1', 'numpy': '1.26.4', 'pandas': '1.5.3', 'jinja2': '3.1.6', 'scipy': '1.11.4', 'joblib': '1.3.2', 'sklearn': '1.2.2', 'pyod': '2.0.5', 'imblearn': '0.12.4', 'category_encoders': '2.7.0', 'lightgbm': '4.6.0', 'numba': '0.62.1', 'requests': '2.32.5', 'matplotlib': '3.10.7', 'scikitplot': '0.3.7', 'yellowbrick': '1.5', 'plotly': '6.5.0', 'plotly-resampler': 'Not installed', 'kaleido': '1.2.0', 'schemdraw': '0.15', 'statsmodels': '0.14.5', 'sktime': '0.40.0', 'tbats': '1.1.3', 'pmdarima': 'Not installed', 'psutil': '7.1.3', 'markupsafe': '3.0.3', 'pickle5': 'Not installed', 'cloudpickle': '3.1.2', 'deprecation': '2.1.0', 'xxhash': '3.6.0', 'wurlitzer': 'Not installed'}, 'python': {'version': '3.10.10', 'machine': 'AMD64'}}
  warnings.warn(

2025-11-24 19:16:09,883:WARNING:
'cuml' is a soft dependency and not included in the pycaret installation. Please run: `pip install cuml` to install.
2025-11-24 19:16:09,884:WARNING:
'cuml' is a soft dependency and not included in the pycaret installation. Please run: `pip install cuml` to install.
2025-11-24 19:16:09,884:WARNING:
'cuml' is a soft dependency and not included in the pycaret installation. Please run: `pip install cuml` to install.
2025-11-24 19:16:09,884:WARNING:
'cuml' is a soft dependency and not included in the pycaret installation. Please run: `pip install cuml` to install.
2025-11-24 19:16:10,105:INFO:Initializing load_model()
2025-11-24 19:16:10,107:INFO:load_model(model_name=C:\Users\tiebe\OneDrive\Bureaublad\Thomas more\3de Jaar\Machine Learning\Praktijk\CloudAI\CloudAI-Project\Models\housing_prices\pycaret_best_housing_model_10_lgbm, platform=None, authentication=None, verbose=True)
2025-11-24 19:16:10,112:WARNING:C:\Users\tiebe\AppData\Local\Programs\Python\Python310\lib\site-packages\sklearn\base.py:376: InconsistentVersionWarning: Trying to unpickle estimator SimpleImputer from version 1.2.2 when using version 1.4.2. This might lead to breaking code or invalid results. Use at your own risk. For more info please refer to:
https://scikit-learn.org/stable/model_persistence.html#security-maintainability-limitations
  warnings.warn(

2025-11-24 19:16:10,141:WARNING:C:\Users\tiebe\AppData\Local\Programs\Python\Python310\lib\site-packages\pycaret\internal\pipeline.py:148: UserWarning: Version mismatch:
current: {'deps_info': {'pip': '22.3.1', 'setuptools': '80.9.0', 'pycaret': '3.3.2', 'IPython': '8.37.0', 'ipywidgets': '8.1.8', 'tqdm': '4.67.1', 'numpy': '1.26.4', 'pandas': '2.1.4', 'jinja2': '3.1.6', 'scipy': '1.11.4', 'joblib': '1.3.2', 'sklearn': '1.4.2', 'pyod': '2.0.5', 'imblearn': '0.14.0', 'category_encoders': '2.7.0', 'lightgbm': '4.6.0', 'numba': '0.62.1', 'requests': '2.32.5', 'matplotlib': '3.7.5', 'scikitplot': '0.3.7', 'yellowbrick': '1.5', 'plotly': '5.24.1', 'plotly-resampler': 'Not installed', 'kaleido': '1.2.0', 'schemdraw': '0.15', 'statsmodels': '0.14.5', 'sktime': '0.26.0', 'tbats': '1.1.3', 'pmdarima': '2.0.4', 'psutil': '7.1.0', 'markupsafe': '3.0.2', 'pickle5': 'Not installed', 'cloudpickle': '3.1.2', 'deprecation': '2.1.0', 'xxhash': '3.6.0', 'wurlitzer': 'Not installed'}, 'python': {'version': '3.10.10', 'machine': 'AMD64'}}
pickle: {'deps_info': {'pip': '25.3', 'setuptools': '80.9.0', 'pycaret': '3.0.4', 'IPython': '8.37.0', 'ipywidgets': '8.1.8', 'tqdm': '4.67.1', 'numpy': '1.26.4', 'pandas': '1.5.3', 'jinja2': '3.1.6', 'scipy': '1.11.4', 'joblib': '1.3.2', 'sklearn': '1.2.2', 'pyod': '2.0.5', 'imblearn': '0.12.4', 'category_encoders': '2.7.0', 'lightgbm': '4.6.0', 'numba': '0.62.1', 'requests': '2.32.5', 'matplotlib': '3.10.7', 'scikitplot': '0.3.7', 'yellowbrick': '1.5', 'plotly': '6.5.0', 'plotly-resampler': 'Not installed', 'kaleido': '1.2.0', 'schemdraw': '0.15', 'statsmodels': '0.14.5', 'sktime': '0.40.0', 'tbats': '1.1.3', 'pmdarima': 'Not installed', 'psutil': '7.1.3', 'markupsafe': '3.0.3', 'pickle5': 'Not installed', 'cloudpickle': '3.1.2', 'deprecation': '2.1.0', 'xxhash': '3.6.0', 'wurlitzer': 'Not installed'}, 'python': {'version': '3.10.10', 'machine': 'AMD64'}}
  warnings.warn(

2025-11-24 19:16:36,897:WARNING:
'cuml' is a soft dependency and not included in the pycaret installation. Please run: `pip install cuml` to install.
2025-11-24 19:16:36,898:WARNING:
'cuml' is a soft dependency and not included in the pycaret installation. Please run: `pip install cuml` to install.
2025-11-24 19:16:36,898:WARNING:
'cuml' is a soft dependency and not included in the pycaret installation. Please run: `pip install cuml` to install.
2025-11-24 19:16:36,898:WARNING:
'cuml' is a soft dependency and not included in the pycaret installation. Please run: `pip install cuml` to install.
2025-11-24 19:16:53,933:INFO:Initializing load_model()
2025-11-24 19:16:53,934:INFO:load_model(model_name=C:\Users\tiebe\OneDrive\Bureaublad\Thomas more\3de Jaar\Machine Learning\Praktijk\CloudAI\CloudAI-Project\Models\housing_prices\pycaret_best_housing_model_10_lgbm, platform=None, authentication=None, verbose=True)
2025-11-24 19:16:53,938:WARNING:C:\Users\tiebe\AppData\Local\Programs\Python\Python310\lib\site-packages\sklearn\base.py:376: InconsistentVersionWarning: Trying to unpickle estimator SimpleImputer from version 1.2.2 when using version 1.4.2. This might lead to breaking code or invalid results. Use at your own risk. For more info please refer to:
https://scikit-learn.org/stable/model_persistence.html#security-maintainability-limitations
  warnings.warn(

2025-11-24 19:16:53,960:WARNING:C:\Users\tiebe\AppData\Local\Programs\Python\Python310\lib\site-packages\pycaret\internal\pipeline.py:148: UserWarning: Version mismatch:
current: {'deps_info': {'pip': '22.3.1', 'setuptools': '80.9.0', 'pycaret': '3.3.2', 'IPython': '8.37.0', 'ipywidgets': '8.1.8', 'tqdm': '4.67.1', 'numpy': '1.26.4', 'pandas': '2.1.4', 'jinja2': '3.1.6', 'scipy': '1.11.4', 'joblib': '1.3.2', 'sklearn': '1.4.2', 'pyod': '2.0.5', 'imblearn': '0.14.0', 'category_encoders': '2.7.0', 'lightgbm': '4.6.0', 'numba': '0.62.1', 'requests': '2.32.5', 'matplotlib': '3.7.5', 'scikitplot': '0.3.7', 'yellowbrick': '1.5', 'plotly': '5.24.1', 'plotly-resampler': 'Not installed', 'kaleido': '1.2.0', 'schemdraw': '0.15', 'statsmodels': '0.14.5', 'sktime': '0.26.0', 'tbats': '1.1.3', 'pmdarima': '2.0.4', 'psutil': '7.1.0', 'markupsafe': '3.0.2', 'pickle5': 'Not installed', 'cloudpickle': '3.1.2', 'deprecation': '2.1.0', 'xxhash': '3.6.0', 'wurlitzer': 'Not installed'}, 'python': {'version': '3.10.10', 'machine': 'AMD64'}}
pickle: {'deps_info': {'pip': '25.3', 'setuptools': '80.9.0', 'pycaret': '3.0.4', 'IPython': '8.37.0', 'ipywidgets': '8.1.8', 'tqdm': '4.67.1', 'numpy': '1.26.4', 'pandas': '1.5.3', 'jinja2': '3.1.6', 'scipy': '1.11.4', 'joblib': '1.3.2', 'sklearn': '1.2.2', 'pyod': '2.0.5', 'imblearn': '0.12.4', 'category_encoders': '2.7.0', 'lightgbm': '4.6.0', 'numba': '0.62.1', 'requests': '2.32.5', 'matplotlib': '3.10.7', 'scikitplot': '0.3.7', 'yellowbrick': '1.5', 'plotly': '6.5.0', 'plotly-resampler': 'Not installed', 'kaleido': '1.2.0', 'schemdraw': '0.15', 'statsmodels': '0.14.5', 'sktime': '0.40.0', 'tbats': '1.1.3', 'pmdarima': 'Not installed', 'psutil': '7.1.3', 'markupsafe': '3.0.3', 'pickle5': 'Not installed', 'cloudpickle': '3.1.2', 'deprecation': '2.1.0', 'xxhash': '3.6.0', 'wurlitzer': 'Not installed'}, 'python': {'version': '3.10.10', 'machine': 'AMD64'}}
  warnings.warn(

2025-11-24 19:19:31,285:WARNING:
'cuml' is a soft dependency and not included in the pycaret installation. Please run: `pip install cuml` to install.
2025-11-24 19:19:31,286:WARNING:
'cuml' is a soft dependency and not included in the pycaret installation. Please run: `pip install cuml` to install.
2025-11-24 19:19:31,286:WARNING:
'cuml' is a soft dependency and not included in the pycaret installation. Please run: `pip install cuml` to install.
2025-11-24 19:19:31,286:WARNING:
'cuml' is a soft dependency and not included in the pycaret installation. Please run: `pip install cuml` to install.
2025-11-24 19:19:40,341:WARNING:
'cuml' is a soft dependency and not included in the pycaret installation. Please run: `pip install cuml` to install.
2025-11-24 19:19:40,342:WARNING:
'cuml' is a soft dependency and not included in the pycaret installation. Please run: `pip install cuml` to install.
2025-11-24 19:19:40,342:WARNING:
'cuml' is a soft dependency and not included in the pycaret installation. Please run: `pip install cuml` to install.
2025-11-24 19:19:40,342:WARNING:
'cuml' is a soft dependency and not included in the pycaret installation. Please run: `pip install cuml` to install.
2025-11-24 19:19:56,094:INFO:Initializing load_model()
2025-11-24 19:19:56,094:INFO:load_model(model_name=C:\Users\tiebe\OneDrive\Bureaublad\Thomas more\3de Jaar\Machine Learning\Praktijk\CloudAI\CloudAI-Project\Models\housing_prices\pycaret_best_housing_model_10_lgbm, platform=None, authentication=None, verbose=True)
2025-11-24 19:19:56,098:WARNING:C:\Users\tiebe\AppData\Local\Programs\Python\Python310\lib\site-packages\sklearn\base.py:376: InconsistentVersionWarning: Trying to unpickle estimator SimpleImputer from version 1.2.2 when using version 1.4.2. This might lead to breaking code or invalid results. Use at your own risk. For more info please refer to:
https://scikit-learn.org/stable/model_persistence.html#security-maintainability-limitations
  warnings.warn(

2025-11-24 19:19:56,117:WARNING:C:\Users\tiebe\AppData\Local\Programs\Python\Python310\lib\site-packages\pycaret\internal\pipeline.py:148: UserWarning: Version mismatch:
current: {'deps_info': {'pip': '22.3.1', 'setuptools': '80.9.0', 'pycaret': '3.3.2', 'IPython': '8.37.0', 'ipywidgets': '8.1.8', 'tqdm': '4.67.1', 'numpy': '1.26.4', 'pandas': '2.1.4', 'jinja2': '3.1.6', 'scipy': '1.11.4', 'joblib': '1.3.2', 'sklearn': '1.4.2', 'pyod': '2.0.5', 'imblearn': '0.14.0', 'category_encoders': '2.7.0', 'lightgbm': '4.6.0', 'numba': '0.62.1', 'requests': '2.32.5', 'matplotlib': '3.7.5', 'scikitplot': '0.3.7', 'yellowbrick': '1.5', 'plotly': '5.24.1', 'plotly-resampler': 'Not installed', 'kaleido': '1.2.0', 'schemdraw': '0.15', 'statsmodels': '0.14.5', 'sktime': '0.26.0', 'tbats': '1.1.3', 'pmdarima': '2.0.4', 'psutil': '7.1.0', 'markupsafe': '3.0.2', 'pickle5': 'Not installed', 'cloudpickle': '3.1.2', 'deprecation': '2.1.0', 'xxhash': '3.6.0', 'wurlitzer': 'Not installed'}, 'python': {'version': '3.10.10', 'machine': 'AMD64'}}
pickle: {'deps_info': {'pip': '25.3', 'setuptools': '80.9.0', 'pycaret': '3.0.4', 'IPython': '8.37.0', 'ipywidgets': '8.1.8', 'tqdm': '4.67.1', 'numpy': '1.26.4', 'pandas': '1.5.3', 'jinja2': '3.1.6', 'scipy': '1.11.4', 'joblib': '1.3.2', 'sklearn': '1.2.2', 'pyod': '2.0.5', 'imblearn': '0.12.4', 'category_encoders': '2.7.0', 'lightgbm': '4.6.0', 'numba': '0.62.1', 'requests': '2.32.5', 'matplotlib': '3.10.7', 'scikitplot': '0.3.7', 'yellowbrick': '1.5', 'plotly': '6.5.0', 'plotly-resampler': 'Not installed', 'kaleido': '1.2.0', 'schemdraw': '0.15', 'statsmodels': '0.14.5', 'sktime': '0.40.0', 'tbats': '1.1.3', 'pmdarima': 'Not installed', 'psutil': '7.1.3', 'markupsafe': '3.0.3', 'pickle5': 'Not installed', 'cloudpickle': '3.1.2', 'deprecation': '2.1.0', 'xxhash': '3.6.0', 'wurlitzer': 'Not installed'}, 'python': {'version': '3.10.10', 'machine': 'AMD64'}}
  warnings.warn(

2025-11-24 19:23:07,496:WARNING:
'cuml' is a soft dependency and not included in the pycaret installation. Please run: `pip install cuml` to install.
2025-11-24 19:23:07,497:WARNING:
'cuml' is a soft dependency and not included in the pycaret installation. Please run: `pip install cuml` to install.
2025-11-24 19:23:07,497:WARNING:
'cuml' is a soft dependency and not included in the pycaret installation. Please run: `pip install cuml` to install.
2025-11-24 19:23:07,497:WARNING:
'cuml' is a soft dependency and not included in the pycaret installation. Please run: `pip install cuml` to install.
2025-11-24 19:23:15,131:INFO:Initializing load_model()
2025-11-24 19:23:15,132:INFO:load_model(model_name=C:\Users\tiebe\OneDrive\Bureaublad\Thomas more\3de Jaar\Machine Learning\Praktijk\CloudAI\CloudAI-Project\Models\housing_prices\pycaret_best_housing_model_10_lgbm, platform=None, authentication=None, verbose=True)
2025-11-24 19:23:15,137:WARNING:C:\Users\tiebe\AppData\Local\Programs\Python\Python310\lib\site-packages\sklearn\base.py:376: InconsistentVersionWarning: Trying to unpickle estimator SimpleImputer from version 1.2.2 when using version 1.4.2. This might lead to breaking code or invalid results. Use at your own risk. For more info please refer to:
https://scikit-learn.org/stable/model_persistence.html#security-maintainability-limitations
  warnings.warn(

2025-11-24 19:23:15,153:WARNING:C:\Users\tiebe\AppData\Local\Programs\Python\Python310\lib\site-packages\pycaret\internal\pipeline.py:148: UserWarning: Version mismatch:
current: {'deps_info': {'pip': '22.3.1', 'setuptools': '80.9.0', 'pycaret': '3.3.2', 'IPython': '8.37.0', 'ipywidgets': '8.1.8', 'tqdm': '4.67.1', 'numpy': '1.26.4', 'pandas': '2.1.4', 'jinja2': '3.1.6', 'scipy': '1.11.4', 'joblib': '1.3.2', 'sklearn': '1.4.2', 'pyod': '2.0.5', 'imblearn': '0.14.0', 'category_encoders': '2.7.0', 'lightgbm': '4.6.0', 'numba': '0.62.1', 'requests': '2.32.5', 'matplotlib': '3.7.5', 'scikitplot': '0.3.7', 'yellowbrick': '1.5', 'plotly': '5.24.1', 'plotly-resampler': 'Not installed', 'kaleido': '1.2.0', 'schemdraw': '0.15', 'statsmodels': '0.14.5', 'sktime': '0.26.0', 'tbats': '1.1.3', 'pmdarima': '2.0.4', 'psutil': '7.1.0', 'markupsafe': '3.0.2', 'pickle5': 'Not installed', 'cloudpickle': '3.1.2', 'deprecation': '2.1.0', 'xxhash': '3.6.0', 'wurlitzer': 'Not installed'}, 'python': {'version': '3.10.10', 'machine': 'AMD64'}}
pickle: {'deps_info': {'pip': '25.3', 'setuptools': '80.9.0', 'pycaret': '3.0.4', 'IPython': '8.37.0', 'ipywidgets': '8.1.8', 'tqdm': '4.67.1', 'numpy': '1.26.4', 'pandas': '1.5.3', 'jinja2': '3.1.6', 'scipy': '1.11.4', 'joblib': '1.3.2', 'sklearn': '1.2.2', 'pyod': '2.0.5', 'imblearn': '0.12.4', 'category_encoders': '2.7.0', 'lightgbm': '4.6.0', 'numba': '0.62.1', 'requests': '2.32.5', 'matplotlib': '3.10.7', 'scikitplot': '0.3.7', 'yellowbrick': '1.5', 'plotly': '6.5.0', 'plotly-resampler': 'Not installed', 'kaleido': '1.2.0', 'schemdraw': '0.15', 'statsmodels': '0.14.5', 'sktime': '0.40.0', 'tbats': '1.1.3', 'pmdarima': 'Not installed', 'psutil': '7.1.3', 'markupsafe': '3.0.3', 'pickle5': 'Not installed', 'cloudpickle': '3.1.2', 'deprecation': '2.1.0', 'xxhash': '3.6.0', 'wurlitzer': 'Not installed'}, 'python': {'version': '3.10.10', 'machine': 'AMD64'}}
  warnings.warn(

2025-11-24 19:24:53,123:WARNING:
'cuml' is a soft dependency and not included in the pycaret installation. Please run: `pip install cuml` to install.
2025-11-24 19:24:53,123:WARNING:
'cuml' is a soft dependency and not included in the pycaret installation. Please run: `pip install cuml` to install.
2025-11-24 19:24:53,123:WARNING:
'cuml' is a soft dependency and not included in the pycaret installation. Please run: `pip install cuml` to install.
2025-11-24 19:24:53,123:WARNING:
'cuml' is a soft dependency and not included in the pycaret installation. Please run: `pip install cuml` to install.
2025-11-24 19:24:59,092:INFO:Initializing load_model()
2025-11-24 19:24:59,093:INFO:load_model(model_name=C:\Users\tiebe\OneDrive\Bureaublad\Thomas more\3de Jaar\Machine Learning\Praktijk\CloudAI\CloudAI-Project\Models\housing_prices\pycaret_best_housing_model_10_lgbm, platform=None, authentication=None, verbose=True)
2025-11-24 19:24:59,096:WARNING:C:\Users\tiebe\AppData\Local\Programs\Python\Python310\lib\site-packages\sklearn\base.py:376: InconsistentVersionWarning: Trying to unpickle estimator SimpleImputer from version 1.2.2 when using version 1.4.2. This might lead to breaking code or invalid results. Use at your own risk. For more info please refer to:
https://scikit-learn.org/stable/model_persistence.html#security-maintainability-limitations
  warnings.warn(

2025-11-24 19:24:59,114:WARNING:C:\Users\tiebe\AppData\Local\Programs\Python\Python310\lib\site-packages\pycaret\internal\pipeline.py:148: UserWarning: Version mismatch:
current: {'deps_info': {'pip': '22.3.1', 'setuptools': '80.9.0', 'pycaret': '3.3.2', 'IPython': '8.37.0', 'ipywidgets': '8.1.8', 'tqdm': '4.67.1', 'numpy': '1.26.4', 'pandas': '2.1.4', 'jinja2': '3.1.6', 'scipy': '1.11.4', 'joblib': '1.3.2', 'sklearn': '1.4.2', 'pyod': '2.0.5', 'imblearn': '0.14.0', 'category_encoders': '2.7.0', 'lightgbm': '4.6.0', 'numba': '0.62.1', 'requests': '2.32.5', 'matplotlib': '3.7.5', 'scikitplot': '0.3.7', 'yellowbrick': '1.5', 'plotly': '5.24.1', 'plotly-resampler': 'Not installed', 'kaleido': '1.2.0', 'schemdraw': '0.15', 'statsmodels': '0.14.5', 'sktime': '0.26.0', 'tbats': '1.1.3', 'pmdarima': '2.0.4', 'psutil': '7.1.0', 'markupsafe': '3.0.2', 'pickle5': 'Not installed', 'cloudpickle': '3.1.2', 'deprecation': '2.1.0', 'xxhash': '3.6.0', 'wurlitzer': 'Not installed'}, 'python': {'version': '3.10.10', 'machine': 'AMD64'}}
pickle: {'deps_info': {'pip': '25.3', 'setuptools': '80.9.0', 'pycaret': '3.0.4', 'IPython': '8.37.0', 'ipywidgets': '8.1.8', 'tqdm': '4.67.1', 'numpy': '1.26.4', 'pandas': '1.5.3', 'jinja2': '3.1.6', 'scipy': '1.11.4', 'joblib': '1.3.2', 'sklearn': '1.2.2', 'pyod': '2.0.5', 'imblearn': '0.12.4', 'category_encoders': '2.7.0', 'lightgbm': '4.6.0', 'numba': '0.62.1', 'requests': '2.32.5', 'matplotlib': '3.10.7', 'scikitplot': '0.3.7', 'yellowbrick': '1.5', 'plotly': '6.5.0', 'plotly-resampler': 'Not installed', 'kaleido': '1.2.0', 'schemdraw': '0.15', 'statsmodels': '0.14.5', 'sktime': '0.40.0', 'tbats': '1.1.3', 'pmdarima': 'Not installed', 'psutil': '7.1.3', 'markupsafe': '3.0.3', 'pickle5': 'Not installed', 'cloudpickle': '3.1.2', 'deprecation': '2.1.0', 'xxhash': '3.6.0', 'wurlitzer': 'Not installed'}, 'python': {'version': '3.10.10', 'machine': 'AMD64'}}
  warnings.warn(

2025-11-24 19:24:59,231:INFO:Initializing predict_model()
2025-11-24 19:24:59,231:INFO:predict_model(self=<pycaret.regression.oop.RegressionExperiment object at 0x000001DF2F96DF60>, estimator=Pipeline(memory=FastMemory(location=C:\Users\tiebe\AppData\Local\Temp\pycaret_cache\joblib),
         steps=[('numerical_imputer',
                 TransformerWrapper(include=['year', 'month', 'dayofweek'],
                                    transformer=SimpleImputer())),
                ('categorical_imputer',
                 TransformerWrapper(include=['property_type', 'oldnew',
                                             'duration', 'towncity', 'district',
                                             'county', 'ppdcategory_type'],
                                    transf...
                 TransformerWrapper(include=['property_type', 'duration'],
                                    transformer=OneHotEncoder(cols=['property_type',
                                                                    'duration'],
                                                              handle_missing='return_nan',
                                                              use_cat_names=True))),
                ('rest_encoding',
                 TransformerWrapper(include=['towncity', 'district', 'county'],
                                    transformer=TargetEncoder(cols=['towncity',
                                                                    'district',
                                                                    'county'],
                                                              handle_missing='return_nan'))),
                ('actual_estimator',
                 LGBMRegressor(n_jobs=-1, random_state=42))]), probability_threshold=None, encoded_labels=False, raw_score=False, round=4, verbose=True, ml_usecase=None, preprocess=True, encode_labels=<function _SupervisedExperiment.predict_model.<locals>.encode_labels at 0x000001DF2FA28A60>)
2025-11-24 19:24:59,231:INFO:Checking exceptions
2025-11-24 19:24:59,231:INFO:Preloading libraries
2025-11-24 19:24:59,233:INFO:Set up data.
2025-11-24 19:24:59,274:INFO:Set up index.
2025-11-24 19:27:05,097:WARNING:
'cuml' is a soft dependency and not included in the pycaret installation. Please run: `pip install cuml` to install.
2025-11-24 19:27:05,097:WARNING:
'cuml' is a soft dependency and not included in the pycaret installation. Please run: `pip install cuml` to install.
2025-11-24 19:27:05,097:WARNING:
'cuml' is a soft dependency and not included in the pycaret installation. Please run: `pip install cuml` to install.
2025-11-24 19:27:05,097:WARNING:
'cuml' is a soft dependency and not included in the pycaret installation. Please run: `pip install cuml` to install.
2025-11-24 19:27:08,968:INFO:Initializing load_model()
2025-11-24 19:27:08,968:INFO:load_model(model_name=C:\Users\tiebe\OneDrive\Bureaublad\Thomas more\3de Jaar\Machine Learning\Praktijk\CloudAI\CloudAI-Project\Models\housing_prices\pycaret_best_housing_model_10_lgbm, platform=None, authentication=None, verbose=True)
2025-11-24 19:27:08,972:WARNING:C:\Users\tiebe\AppData\Local\Programs\Python\Python310\lib\site-packages\sklearn\base.py:376: InconsistentVersionWarning: Trying to unpickle estimator SimpleImputer from version 1.2.2 when using version 1.4.2. This might lead to breaking code or invalid results. Use at your own risk. For more info please refer to:
https://scikit-learn.org/stable/model_persistence.html#security-maintainability-limitations
  warnings.warn(

2025-11-24 19:27:09,000:WARNING:C:\Users\tiebe\AppData\Local\Programs\Python\Python310\lib\site-packages\pycaret\internal\pipeline.py:148: UserWarning: Version mismatch:
current: {'deps_info': {'pip': '22.3.1', 'setuptools': '80.9.0', 'pycaret': '3.3.2', 'IPython': '8.37.0', 'ipywidgets': '8.1.8', 'tqdm': '4.67.1', 'numpy': '1.26.4', 'pandas': '2.1.4', 'jinja2': '3.1.6', 'scipy': '1.11.4', 'joblib': '1.3.2', 'sklearn': '1.4.2', 'pyod': '2.0.5', 'imblearn': '0.14.0', 'category_encoders': '2.7.0', 'lightgbm': '4.6.0', 'numba': '0.62.1', 'requests': '2.32.5', 'matplotlib': '3.7.5', 'scikitplot': '0.3.7', 'yellowbrick': '1.5', 'plotly': '5.24.1', 'plotly-resampler': 'Not installed', 'kaleido': '1.2.0', 'schemdraw': '0.15', 'statsmodels': '0.14.5', 'sktime': '0.26.0', 'tbats': '1.1.3', 'pmdarima': '2.0.4', 'psutil': '7.1.0', 'markupsafe': '3.0.2', 'pickle5': 'Not installed', 'cloudpickle': '3.1.2', 'deprecation': '2.1.0', 'xxhash': '3.6.0', 'wurlitzer': 'Not installed'}, 'python': {'version': '3.10.10', 'machine': 'AMD64'}}
pickle: {'deps_info': {'pip': '25.3', 'setuptools': '80.9.0', 'pycaret': '3.0.4', 'IPython': '8.37.0', 'ipywidgets': '8.1.8', 'tqdm': '4.67.1', 'numpy': '1.26.4', 'pandas': '1.5.3', 'jinja2': '3.1.6', 'scipy': '1.11.4', 'joblib': '1.3.2', 'sklearn': '1.2.2', 'pyod': '2.0.5', 'imblearn': '0.12.4', 'category_encoders': '2.7.0', 'lightgbm': '4.6.0', 'numba': '0.62.1', 'requests': '2.32.5', 'matplotlib': '3.10.7', 'scikitplot': '0.3.7', 'yellowbrick': '1.5', 'plotly': '6.5.0', 'plotly-resampler': 'Not installed', 'kaleido': '1.2.0', 'schemdraw': '0.15', 'statsmodels': '0.14.5', 'sktime': '0.40.0', 'tbats': '1.1.3', 'pmdarima': 'Not installed', 'psutil': '7.1.3', 'markupsafe': '3.0.3', 'pickle5': 'Not installed', 'cloudpickle': '3.1.2', 'deprecation': '2.1.0', 'xxhash': '3.6.0', 'wurlitzer': 'Not installed'}, 'python': {'version': '3.10.10', 'machine': 'AMD64'}}
  warnings.warn(

2025-11-24 19:27:09,087:INFO:Initializing predict_model()
2025-11-24 19:27:09,088:INFO:predict_model(self=<pycaret.regression.oop.RegressionExperiment object at 0x000001DD076ADE10>, estimator=Pipeline(memory=FastMemory(location=C:\Users\tiebe\AppData\Local\Temp\pycaret_cache\joblib),
         steps=[('numerical_imputer',
                 TransformerWrapper(include=['year', 'month', 'dayofweek'],
                                    transformer=SimpleImputer())),
                ('categorical_imputer',
                 TransformerWrapper(include=['property_type', 'oldnew',
                                             'duration', 'towncity', 'district',
                                             'county', 'ppdcategory_type'],
                                    transf...
                 TransformerWrapper(include=['property_type', 'duration'],
                                    transformer=OneHotEncoder(cols=['property_type',
                                                                    'duration'],
                                                              handle_missing='return_nan',
                                                              use_cat_names=True))),
                ('rest_encoding',
                 TransformerWrapper(include=['towncity', 'district', 'county'],
                                    transformer=TargetEncoder(cols=['towncity',
                                                                    'district',
                                                                    'county'],
                                                              handle_missing='return_nan'))),
                ('actual_estimator',
                 LGBMRegressor(n_jobs=-1, random_state=42))]), probability_threshold=None, encoded_labels=False, raw_score=False, round=4, verbose=True, ml_usecase=None, preprocess=True, encode_labels=<function _SupervisedExperiment.predict_model.<locals>.encode_labels at 0x000001DD0775C9D0>)
2025-11-24 19:27:09,088:INFO:Checking exceptions
2025-11-24 19:27:09,088:INFO:Preloading libraries
2025-11-24 19:27:09,089:INFO:Set up data.
2025-11-24 19:27:09,096:INFO:Set up index.
2025-11-24 19:27:10,670:INFO:Initializing predict_model()
2025-11-24 19:27:10,670:INFO:predict_model(self=<pycaret.regression.oop.RegressionExperiment object at 0x000001DD076FC070>, estimator=Pipeline(memory=FastMemory(location=C:\Users\tiebe\AppData\Local\Temp\pycaret_cache\joblib),
         steps=[('numerical_imputer',
                 TransformerWrapper(include=['year', 'month', 'dayofweek'],
                                    transformer=SimpleImputer())),
                ('categorical_imputer',
                 TransformerWrapper(include=['property_type', 'oldnew',
                                             'duration', 'towncity', 'district',
                                             'county', 'ppdcategory_type'],
                                    transf...
                 TransformerWrapper(include=['property_type', 'duration'],
                                    transformer=OneHotEncoder(cols=['property_type',
                                                                    'duration'],
                                                              handle_missing='return_nan',
                                                              use_cat_names=True))),
                ('rest_encoding',
                 TransformerWrapper(include=['towncity', 'district', 'county'],
                                    transformer=TargetEncoder(cols=['towncity',
                                                                    'district',
                                                                    'county'],
                                                              handle_missing='return_nan'))),
                ('actual_estimator',
                 LGBMRegressor(n_jobs=-1, random_state=42))]), probability_threshold=None, encoded_labels=False, raw_score=False, round=4, verbose=True, ml_usecase=None, preprocess=True, encode_labels=<function _SupervisedExperiment.predict_model.<locals>.encode_labels at 0x000001DD0775D480>)
2025-11-24 19:27:10,671:INFO:Checking exceptions
2025-11-24 19:27:10,671:INFO:Preloading libraries
2025-11-24 19:27:10,671:INFO:Set up data.
2025-11-24 19:27:10,679:INFO:Set up index.
2025-11-24 19:28:55,752:WARNING:
'cuml' is a soft dependency and not included in the pycaret installation. Please run: `pip install cuml` to install.
2025-11-24 19:28:55,753:WARNING:
'cuml' is a soft dependency and not included in the pycaret installation. Please run: `pip install cuml` to install.
2025-11-24 19:28:55,753:WARNING:
'cuml' is a soft dependency and not included in the pycaret installation. Please run: `pip install cuml` to install.
2025-11-24 19:28:55,753:WARNING:
'cuml' is a soft dependency and not included in the pycaret installation. Please run: `pip install cuml` to install.
2025-11-24 19:29:11,212:WARNING:
'cuml' is a soft dependency and not included in the pycaret installation. Please run: `pip install cuml` to install.
2025-11-24 19:29:11,213:WARNING:
'cuml' is a soft dependency and not included in the pycaret installation. Please run: `pip install cuml` to install.
2025-11-24 19:29:11,213:WARNING:
'cuml' is a soft dependency and not included in the pycaret installation. Please run: `pip install cuml` to install.
2025-11-24 19:29:11,213:WARNING:
'cuml' is a soft dependency and not included in the pycaret installation. Please run: `pip install cuml` to install.
2025-11-24 19:29:19,553:WARNING:
'cuml' is a soft dependency and not included in the pycaret installation. Please run: `pip install cuml` to install.
2025-11-24 19:29:19,553:WARNING:
'cuml' is a soft dependency and not included in the pycaret installation. Please run: `pip install cuml` to install.
2025-11-24 19:29:19,554:WARNING:
'cuml' is a soft dependency and not included in the pycaret installation. Please run: `pip install cuml` to install.
2025-11-24 19:29:19,554:WARNING:
'cuml' is a soft dependency and not included in the pycaret installation. Please run: `pip install cuml` to install.
2025-11-24 19:29:29,207:WARNING:
'cuml' is a soft dependency and not included in the pycaret installation. Please run: `pip install cuml` to install.
2025-11-24 19:29:29,208:WARNING:
'cuml' is a soft dependency and not included in the pycaret installation. Please run: `pip install cuml` to install.
2025-11-24 19:29:29,208:WARNING:
'cuml' is a soft dependency and not included in the pycaret installation. Please run: `pip install cuml` to install.
2025-11-24 19:29:29,208:WARNING:
'cuml' is a soft dependency and not included in the pycaret installation. Please run: `pip install cuml` to install.
2025-11-24 19:29:35,068:INFO:Initializing load_model()
2025-11-24 19:29:35,068:INFO:load_model(model_name=C:\Users\tiebe\OneDrive\Bureaublad\Thomas more\3de Jaar\Machine Learning\Praktijk\CloudAI\CloudAI-Project\Models\housing_prices\pycaret_best_housing_model_10_lgbm, platform=None, authentication=None, verbose=True)
2025-11-24 19:29:35,073:WARNING:C:\Users\tiebe\AppData\Local\Programs\Python\Python310\lib\site-packages\sklearn\base.py:376: InconsistentVersionWarning: Trying to unpickle estimator SimpleImputer from version 1.2.2 when using version 1.4.2. This might lead to breaking code or invalid results. Use at your own risk. For more info please refer to:
https://scikit-learn.org/stable/model_persistence.html#security-maintainability-limitations
  warnings.warn(

2025-11-24 19:29:35,100:WARNING:C:\Users\tiebe\AppData\Local\Programs\Python\Python310\lib\site-packages\pycaret\internal\pipeline.py:148: UserWarning: Version mismatch:
current: {'deps_info': {'pip': '22.3.1', 'setuptools': '80.9.0', 'pycaret': '3.3.2', 'IPython': '8.37.0', 'ipywidgets': '8.1.8', 'tqdm': '4.67.1', 'numpy': '1.26.4', 'pandas': '2.1.4', 'jinja2': '3.1.6', 'scipy': '1.11.4', 'joblib': '1.3.2', 'sklearn': '1.4.2', 'pyod': '2.0.5', 'imblearn': '0.14.0', 'category_encoders': '2.7.0', 'lightgbm': '4.6.0', 'numba': '0.62.1', 'requests': '2.32.5', 'matplotlib': '3.7.5', 'scikitplot': '0.3.7', 'yellowbrick': '1.5', 'plotly': '5.24.1', 'plotly-resampler': 'Not installed', 'kaleido': '1.2.0', 'schemdraw': '0.15', 'statsmodels': '0.14.5', 'sktime': '0.26.0', 'tbats': '1.1.3', 'pmdarima': '2.0.4', 'psutil': '7.1.0', 'markupsafe': '3.0.2', 'pickle5': 'Not installed', 'cloudpickle': '3.1.2', 'deprecation': '2.1.0', 'xxhash': '3.6.0', 'wurlitzer': 'Not installed'}, 'python': {'version': '3.10.10', 'machine': 'AMD64'}}
pickle: {'deps_info': {'pip': '25.3', 'setuptools': '80.9.0', 'pycaret': '3.0.4', 'IPython': '8.37.0', 'ipywidgets': '8.1.8', 'tqdm': '4.67.1', 'numpy': '1.26.4', 'pandas': '1.5.3', 'jinja2': '3.1.6', 'scipy': '1.11.4', 'joblib': '1.3.2', 'sklearn': '1.2.2', 'pyod': '2.0.5', 'imblearn': '0.12.4', 'category_encoders': '2.7.0', 'lightgbm': '4.6.0', 'numba': '0.62.1', 'requests': '2.32.5', 'matplotlib': '3.10.7', 'scikitplot': '0.3.7', 'yellowbrick': '1.5', 'plotly': '6.5.0', 'plotly-resampler': 'Not installed', 'kaleido': '1.2.0', 'schemdraw': '0.15', 'statsmodels': '0.14.5', 'sktime': '0.40.0', 'tbats': '1.1.3', 'pmdarima': 'Not installed', 'psutil': '7.1.3', 'markupsafe': '3.0.3', 'pickle5': 'Not installed', 'cloudpickle': '3.1.2', 'deprecation': '2.1.0', 'xxhash': '3.6.0', 'wurlitzer': 'Not installed'}, 'python': {'version': '3.10.10', 'machine': 'AMD64'}}
  warnings.warn(

2025-11-24 19:29:35,186:INFO:Initializing predict_model()
2025-11-24 19:29:35,186:INFO:predict_model(self=<pycaret.regression.oop.RegressionExperiment object at 0x00000251AB3DDF90>, estimator=Pipeline(memory=FastMemory(location=C:\Users\tiebe\AppData\Local\Temp\pycaret_cache\joblib),
         steps=[('numerical_imputer',
                 TransformerWrapper(include=['year', 'month', 'dayofweek'],
                                    transformer=SimpleImputer())),
                ('categorical_imputer',
                 TransformerWrapper(include=['property_type', 'oldnew',
                                             'duration', 'towncity', 'district',
                                             'county', 'ppdcategory_type'],
                                    transf...
                 TransformerWrapper(include=['property_type', 'duration'],
                                    transformer=OneHotEncoder(cols=['property_type',
                                                                    'duration'],
                                                              handle_missing='return_nan',
                                                              use_cat_names=True))),
                ('rest_encoding',
                 TransformerWrapper(include=['towncity', 'district', 'county'],
                                    transformer=TargetEncoder(cols=['towncity',
                                                                    'district',
                                                                    'county'],
                                                              handle_missing='return_nan'))),
                ('actual_estimator',
                 LGBMRegressor(n_jobs=-1, random_state=42))]), probability_threshold=None, encoded_labels=False, raw_score=False, round=4, verbose=True, ml_usecase=None, preprocess=True, encode_labels=<function _SupervisedExperiment.predict_model.<locals>.encode_labels at 0x00000251AB4989D0>)
2025-11-24 19:29:35,187:INFO:Checking exceptions
2025-11-24 19:29:35,187:INFO:Preloading libraries
2025-11-24 19:29:35,188:INFO:Set up data.
2025-11-24 19:29:35,197:INFO:Set up index.
2025-11-24 19:29:43,618:INFO:Initializing predict_model()
2025-11-24 19:29:43,618:INFO:predict_model(self=<pycaret.regression.oop.RegressionExperiment object at 0x00000251AB378850>, estimator=Pipeline(memory=FastMemory(location=C:\Users\tiebe\AppData\Local\Temp\pycaret_cache\joblib),
         steps=[('numerical_imputer',
                 TransformerWrapper(include=['year', 'month', 'dayofweek'],
                                    transformer=SimpleImputer())),
                ('categorical_imputer',
                 TransformerWrapper(include=['property_type', 'oldnew',
                                             'duration', 'towncity', 'district',
                                             'county', 'ppdcategory_type'],
                                    transf...
                 TransformerWrapper(include=['property_type', 'duration'],
                                    transformer=OneHotEncoder(cols=['property_type',
                                                                    'duration'],
                                                              handle_missing='return_nan',
                                                              use_cat_names=True))),
                ('rest_encoding',
                 TransformerWrapper(include=['towncity', 'district', 'county'],
                                    transformer=TargetEncoder(cols=['towncity',
                                                                    'district',
                                                                    'county'],
                                                              handle_missing='return_nan'))),
                ('actual_estimator',
                 LGBMRegressor(n_jobs=-1, random_state=42))]), probability_threshold=None, encoded_labels=False, raw_score=False, round=4, verbose=True, ml_usecase=None, preprocess=True, encode_labels=<function _SupervisedExperiment.predict_model.<locals>.encode_labels at 0x00000251AB37D480>)
2025-11-24 19:29:43,618:INFO:Checking exceptions
2025-11-24 19:29:43,618:INFO:Preloading libraries
2025-11-24 19:29:43,619:INFO:Set up data.
2025-11-24 19:29:43,624:INFO:Set up index.
2025-11-24 19:29:48,915:INFO:Initializing predict_model()
2025-11-24 19:29:48,915:INFO:predict_model(self=<pycaret.regression.oop.RegressionExperiment object at 0x00000251AB378AF0>, estimator=Pipeline(memory=FastMemory(location=C:\Users\tiebe\AppData\Local\Temp\pycaret_cache\joblib),
         steps=[('numerical_imputer',
                 TransformerWrapper(include=['year', 'month', 'dayofweek'],
                                    transformer=SimpleImputer())),
                ('categorical_imputer',
                 TransformerWrapper(include=['property_type', 'oldnew',
                                             'duration', 'towncity', 'district',
                                             'county', 'ppdcategory_type'],
                                    transf...
                 TransformerWrapper(include=['property_type', 'duration'],
                                    transformer=OneHotEncoder(cols=['property_type',
                                                                    'duration'],
                                                              handle_missing='return_nan',
                                                              use_cat_names=True))),
                ('rest_encoding',
                 TransformerWrapper(include=['towncity', 'district', 'county'],
                                    transformer=TargetEncoder(cols=['towncity',
                                                                    'district',
                                                                    'county'],
                                                              handle_missing='return_nan'))),
                ('actual_estimator',
                 LGBMRegressor(n_jobs=-1, random_state=42))]), probability_threshold=None, encoded_labels=False, raw_score=False, round=4, verbose=True, ml_usecase=None, preprocess=True, encode_labels=<function _SupervisedExperiment.predict_model.<locals>.encode_labels at 0x00000251AB37D480>)
2025-11-24 19:29:48,917:INFO:Checking exceptions
2025-11-24 19:29:48,917:INFO:Preloading libraries
2025-11-24 19:29:48,917:INFO:Set up data.
2025-11-24 19:29:48,921:INFO:Set up index.
2025-11-24 19:29:54,489:INFO:Initializing predict_model()
2025-11-24 19:29:54,489:INFO:predict_model(self=<pycaret.regression.oop.RegressionExperiment object at 0x00000251AB3DCB20>, estimator=Pipeline(memory=FastMemory(location=C:\Users\tiebe\AppData\Local\Temp\pycaret_cache\joblib),
         steps=[('numerical_imputer',
                 TransformerWrapper(include=['year', 'month', 'dayofweek'],
                                    transformer=SimpleImputer())),
                ('categorical_imputer',
                 TransformerWrapper(include=['property_type', 'oldnew',
                                             'duration', 'towncity', 'district',
                                             'county', 'ppdcategory_type'],
                                    transf...
                 TransformerWrapper(include=['property_type', 'duration'],
                                    transformer=OneHotEncoder(cols=['property_type',
                                                                    'duration'],
                                                              handle_missing='return_nan',
                                                              use_cat_names=True))),
                ('rest_encoding',
                 TransformerWrapper(include=['towncity', 'district', 'county'],
                                    transformer=TargetEncoder(cols=['towncity',
                                                                    'district',
                                                                    'county'],
                                                              handle_missing='return_nan'))),
                ('actual_estimator',
                 LGBMRegressor(n_jobs=-1, random_state=42))]), probability_threshold=None, encoded_labels=False, raw_score=False, round=4, verbose=True, ml_usecase=None, preprocess=True, encode_labels=<function _SupervisedExperiment.predict_model.<locals>.encode_labels at 0x00000251AB37D480>)
2025-11-24 19:29:54,489:INFO:Checking exceptions
2025-11-24 19:29:54,490:INFO:Preloading libraries
2025-11-24 19:29:54,490:INFO:Set up data.
2025-11-24 19:29:54,496:INFO:Set up index.
2025-11-24 19:32:54,843:INFO:Initializing predict_model()
2025-11-24 19:32:54,843:INFO:predict_model(self=<pycaret.regression.oop.RegressionExperiment object at 0x00000251AB3DFF10>, estimator=Pipeline(memory=FastMemory(location=C:\Users\tiebe\AppData\Local\Temp\pycaret_cache\joblib),
         steps=[('numerical_imputer',
                 TransformerWrapper(include=['year', 'month', 'dayofweek'],
                                    transformer=SimpleImputer())),
                ('categorical_imputer',
                 TransformerWrapper(include=['property_type', 'oldnew',
                                             'duration', 'towncity', 'district',
                                             'county', 'ppdcategory_type'],
                                    transf...
                 TransformerWrapper(include=['property_type', 'duration'],
                                    transformer=OneHotEncoder(cols=['property_type',
                                                                    'duration'],
                                                              handle_missing='return_nan',
                                                              use_cat_names=True))),
                ('rest_encoding',
                 TransformerWrapper(include=['towncity', 'district', 'county'],
                                    transformer=TargetEncoder(cols=['towncity',
                                                                    'district',
                                                                    'county'],
                                                              handle_missing='return_nan'))),
                ('actual_estimator',
                 LGBMRegressor(n_jobs=-1, random_state=42))]), probability_threshold=None, encoded_labels=False, raw_score=False, round=4, verbose=True, ml_usecase=None, preprocess=True, encode_labels=<function _SupervisedExperiment.predict_model.<locals>.encode_labels at 0x00000251AB37D480>)
2025-11-24 19:32:54,843:INFO:Checking exceptions
2025-11-24 19:32:54,843:INFO:Preloading libraries
2025-11-24 19:32:54,844:INFO:Set up data.
2025-11-24 19:32:54,852:INFO:Set up index.
2025-11-24 19:33:05,724:INFO:Initializing predict_model()
2025-11-24 19:33:05,724:INFO:predict_model(self=<pycaret.regression.oop.RegressionExperiment object at 0x00000251AB378B20>, estimator=Pipeline(memory=FastMemory(location=C:\Users\tiebe\AppData\Local\Temp\pycaret_cache\joblib),
         steps=[('numerical_imputer',
                 TransformerWrapper(include=['year', 'month', 'dayofweek'],
                                    transformer=SimpleImputer())),
                ('categorical_imputer',
                 TransformerWrapper(include=['property_type', 'oldnew',
                                             'duration', 'towncity', 'district',
                                             'county', 'ppdcategory_type'],
                                    transf...
                 TransformerWrapper(include=['property_type', 'duration'],
                                    transformer=OneHotEncoder(cols=['property_type',
                                                                    'duration'],
                                                              handle_missing='return_nan',
                                                              use_cat_names=True))),
                ('rest_encoding',
                 TransformerWrapper(include=['towncity', 'district', 'county'],
                                    transformer=TargetEncoder(cols=['towncity',
                                                                    'district',
                                                                    'county'],
                                                              handle_missing='return_nan'))),
                ('actual_estimator',
                 LGBMRegressor(n_jobs=-1, random_state=42))]), probability_threshold=None, encoded_labels=False, raw_score=False, round=4, verbose=True, ml_usecase=None, preprocess=True, encode_labels=<function _SupervisedExperiment.predict_model.<locals>.encode_labels at 0x00000251AB37D480>)
2025-11-24 19:33:05,724:INFO:Checking exceptions
2025-11-24 19:33:05,725:INFO:Preloading libraries
2025-11-24 19:33:05,725:INFO:Set up data.
2025-11-24 19:33:05,732:INFO:Set up index.
2025-11-24 19:33:11,167:INFO:Initializing predict_model()
2025-11-24 19:33:11,167:INFO:predict_model(self=<pycaret.regression.oop.RegressionExperiment object at 0x00000251AB379030>, estimator=Pipeline(memory=FastMemory(location=C:\Users\tiebe\AppData\Local\Temp\pycaret_cache\joblib),
         steps=[('numerical_imputer',
                 TransformerWrapper(include=['year', 'month', 'dayofweek'],
                                    transformer=SimpleImputer())),
                ('categorical_imputer',
                 TransformerWrapper(include=['property_type', 'oldnew',
                                             'duration', 'towncity', 'district',
                                             'county', 'ppdcategory_type'],
                                    transf...
                 TransformerWrapper(include=['property_type', 'duration'],
                                    transformer=OneHotEncoder(cols=['property_type',
                                                                    'duration'],
                                                              handle_missing='return_nan',
                                                              use_cat_names=True))),
                ('rest_encoding',
                 TransformerWrapper(include=['towncity', 'district', 'county'],
                                    transformer=TargetEncoder(cols=['towncity',
                                                                    'district',
                                                                    'county'],
                                                              handle_missing='return_nan'))),
                ('actual_estimator',
                 LGBMRegressor(n_jobs=-1, random_state=42))]), probability_threshold=None, encoded_labels=False, raw_score=False, round=4, verbose=True, ml_usecase=None, preprocess=True, encode_labels=<function _SupervisedExperiment.predict_model.<locals>.encode_labels at 0x00000251AB37D480>)
2025-11-24 19:33:11,167:INFO:Checking exceptions
2025-11-24 19:33:11,167:INFO:Preloading libraries
2025-11-24 19:33:11,169:INFO:Set up data.
2025-11-24 19:33:11,174:INFO:Set up index.
2025-11-24 19:33:15,106:INFO:Initializing predict_model()
2025-11-24 19:33:15,106:INFO:predict_model(self=<pycaret.regression.oop.RegressionExperiment object at 0x00000251AB3788B0>, estimator=Pipeline(memory=FastMemory(location=C:\Users\tiebe\AppData\Local\Temp\pycaret_cache\joblib),
         steps=[('numerical_imputer',
                 TransformerWrapper(include=['year', 'month', 'dayofweek'],
                                    transformer=SimpleImputer())),
                ('categorical_imputer',
                 TransformerWrapper(include=['property_type', 'oldnew',
                                             'duration', 'towncity', 'district',
                                             'county', 'ppdcategory_type'],
                                    transf...
                 TransformerWrapper(include=['property_type', 'duration'],
                                    transformer=OneHotEncoder(cols=['property_type',
                                                                    'duration'],
                                                              handle_missing='return_nan',
                                                              use_cat_names=True))),
                ('rest_encoding',
                 TransformerWrapper(include=['towncity', 'district', 'county'],
                                    transformer=TargetEncoder(cols=['towncity',
                                                                    'district',
                                                                    'county'],
                                                              handle_missing='return_nan'))),
                ('actual_estimator',
                 LGBMRegressor(n_jobs=-1, random_state=42))]), probability_threshold=None, encoded_labels=False, raw_score=False, round=4, verbose=True, ml_usecase=None, preprocess=True, encode_labels=<function _SupervisedExperiment.predict_model.<locals>.encode_labels at 0x00000251AB37D480>)
2025-11-24 19:33:15,106:INFO:Checking exceptions
2025-11-24 19:33:15,106:INFO:Preloading libraries
2025-11-24 19:33:15,106:INFO:Set up data.
2025-11-24 19:33:15,111:INFO:Set up index.
2025-11-24 19:33:18,935:INFO:Initializing predict_model()
2025-11-24 19:33:18,935:INFO:predict_model(self=<pycaret.regression.oop.RegressionExperiment object at 0x00000251AB3DCB20>, estimator=Pipeline(memory=FastMemory(location=C:\Users\tiebe\AppData\Local\Temp\pycaret_cache\joblib),
         steps=[('numerical_imputer',
                 TransformerWrapper(include=['year', 'month', 'dayofweek'],
                                    transformer=SimpleImputer())),
                ('categorical_imputer',
                 TransformerWrapper(include=['property_type', 'oldnew',
                                             'duration', 'towncity', 'district',
                                             'county', 'ppdcategory_type'],
                                    transf...
                 TransformerWrapper(include=['property_type', 'duration'],
                                    transformer=OneHotEncoder(cols=['property_type',
                                                                    'duration'],
                                                              handle_missing='return_nan',
                                                              use_cat_names=True))),
                ('rest_encoding',
                 TransformerWrapper(include=['towncity', 'district', 'county'],
                                    transformer=TargetEncoder(cols=['towncity',
                                                                    'district',
                                                                    'county'],
                                                              handle_missing='return_nan'))),
                ('actual_estimator',
                 LGBMRegressor(n_jobs=-1, random_state=42))]), probability_threshold=None, encoded_labels=False, raw_score=False, round=4, verbose=True, ml_usecase=None, preprocess=True, encode_labels=<function _SupervisedExperiment.predict_model.<locals>.encode_labels at 0x00000251AB37D480>)
2025-11-24 19:33:18,935:INFO:Checking exceptions
2025-11-24 19:33:18,935:INFO:Preloading libraries
2025-11-24 19:33:18,936:INFO:Set up data.
2025-11-24 19:33:18,942:INFO:Set up index.
2025-11-24 19:33:26,269:INFO:Initializing predict_model()
2025-11-24 19:33:26,269:INFO:predict_model(self=<pycaret.regression.oop.RegressionExperiment object at 0x00000251AB3DFC70>, estimator=Pipeline(memory=FastMemory(location=C:\Users\tiebe\AppData\Local\Temp\pycaret_cache\joblib),
         steps=[('numerical_imputer',
                 TransformerWrapper(include=['year', 'month', 'dayofweek'],
                                    transformer=SimpleImputer())),
                ('categorical_imputer',
                 TransformerWrapper(include=['property_type', 'oldnew',
                                             'duration', 'towncity', 'district',
                                             'county', 'ppdcategory_type'],
                                    transf...
                 TransformerWrapper(include=['property_type', 'duration'],
                                    transformer=OneHotEncoder(cols=['property_type',
                                                                    'duration'],
                                                              handle_missing='return_nan',
                                                              use_cat_names=True))),
                ('rest_encoding',
                 TransformerWrapper(include=['towncity', 'district', 'county'],
                                    transformer=TargetEncoder(cols=['towncity',
                                                                    'district',
                                                                    'county'],
                                                              handle_missing='return_nan'))),
                ('actual_estimator',
                 LGBMRegressor(n_jobs=-1, random_state=42))]), probability_threshold=None, encoded_labels=False, raw_score=False, round=4, verbose=True, ml_usecase=None, preprocess=True, encode_labels=<function _SupervisedExperiment.predict_model.<locals>.encode_labels at 0x00000251AB37D480>)
2025-11-24 19:33:26,269:INFO:Checking exceptions
2025-11-24 19:33:26,269:INFO:Preloading libraries
2025-11-24 19:33:26,270:INFO:Set up data.
2025-11-24 19:33:26,278:INFO:Set up index.
