2025-11-15 12:57:56,105:WARNING:
'cuml' is a soft dependency and not included in the pycaret installation. Please run: `pip install cuml` to install.
2025-11-15 12:57:56,106:WARNING:
'cuml' is a soft dependency and not included in the pycaret installation. Please run: `pip install cuml` to install.
2025-11-15 12:57:56,106:WARNING:
'cuml' is a soft dependency and not included in the pycaret installation. Please run: `pip install cuml` to install.
2025-11-15 12:57:56,106:WARNING:
'cuml' is a soft dependency and not included in the pycaret installation. Please run: `pip install cuml` to install.
2025-11-15 12:58:31,619:INFO:PyCaret RegressionExperiment
2025-11-15 12:58:31,620:INFO:Logging name: reg-default-name
2025-11-15 12:58:31,620:INFO:ML Usecase: MLUsecase.REGRESSION
2025-11-15 12:58:31,622:INFO:version 3.3.2
2025-11-15 12:58:31,622:INFO:Initializing setup()
2025-11-15 12:58:31,622:INFO:self.USI: 2773
2025-11-15 12:58:31,622:INFO:self._variable_keys: {'idx', 'n_jobs_param', 'exp_name_log', 'gpu_n_jobs_param', 'memory', 'X_train', 'pipeline', 'exp_id', '_ml_usecase', 'html_param', 'y', '_available_plots', 'y_test', 'gpu_param', 'seed', 'y_train', 'fold_generator', 'X', 'data', 'logging_param', 'fold_groups_param', 'USI', 'transform_target_param', 'X_test', 'target_param', 'fold_shuffle_param', 'log_plots_param'}
2025-11-15 12:58:31,622:INFO:Checking environment
2025-11-15 12:58:31,622:INFO:python_version: 3.11.9
2025-11-15 12:58:31,622:INFO:python_build: ('tags/v3.11.9:de54cf5', 'Apr  2 2024 10:12:12')
2025-11-15 12:58:31,622:INFO:machine: AMD64
2025-11-15 12:58:31,622:INFO:platform: Windows-10-10.0.26100-SP0
2025-11-15 12:58:31,623:INFO:Memory: svmem(total=16969424896, available=3232657408, percent=81.0, used=13736767488, free=3232657408)
2025-11-15 12:58:31,623:INFO:Physical Core: 4
2025-11-15 12:58:31,623:INFO:Logical Core: 8
2025-11-15 12:58:31,623:INFO:Checking libraries
2025-11-15 12:58:31,623:INFO:System:
2025-11-15 12:58:31,623:INFO:    python: 3.11.9 (tags/v3.11.9:de54cf5, Apr  2 2024, 10:12:12) [MSC v.1938 64 bit (AMD64)]
2025-11-15 12:58:31,623:INFO:executable: c:\Program Files\Python311\python.exe
2025-11-15 12:58:31,623:INFO:   machine: Windows-10-10.0.26100-SP0
2025-11-15 12:58:31,623:INFO:PyCaret required dependencies:
2025-11-15 12:58:31,922:INFO:                 pip: 24.0
2025-11-15 12:58:31,923:INFO:          setuptools: 65.5.0
2025-11-15 12:58:31,923:INFO:             pycaret: 3.3.2
2025-11-15 12:58:31,923:INFO:             IPython: 9.5.0
2025-11-15 12:58:31,923:INFO:          ipywidgets: 7.8.5
2025-11-15 12:58:31,923:INFO:                tqdm: 4.67.1
2025-11-15 12:58:31,923:INFO:               numpy: 1.26.4
2025-11-15 12:58:31,923:INFO:              pandas: 2.1.4
2025-11-15 12:58:31,923:INFO:              jinja2: 3.1.6
2025-11-15 12:58:31,923:INFO:               scipy: 1.11.4
2025-11-15 12:58:31,923:INFO:              joblib: 1.3.2
2025-11-15 12:58:31,923:INFO:             sklearn: 1.4.2
2025-11-15 12:58:31,923:INFO:                pyod: 2.0.5
2025-11-15 12:58:31,923:INFO:            imblearn: 0.14.0
2025-11-15 12:58:31,923:INFO:   category_encoders: 2.7.0
2025-11-15 12:58:31,923:INFO:            lightgbm: 4.6.0
2025-11-15 12:58:31,924:INFO:               numba: 0.62.1
2025-11-15 12:58:31,924:INFO:            requests: 2.32.3
2025-11-15 12:58:31,924:INFO:          matplotlib: 3.7.5
2025-11-15 12:58:31,924:INFO:          scikitplot: 0.3.7
2025-11-15 12:58:31,924:INFO:         yellowbrick: 1.5
2025-11-15 12:58:31,924:INFO:              plotly: 6.4.0
2025-11-15 12:58:31,924:INFO:    plotly-resampler: Not installed
2025-11-15 12:58:31,924:INFO:             kaleido: 1.2.0
2025-11-15 12:58:31,924:INFO:           schemdraw: 0.15
2025-11-15 12:58:31,924:INFO:         statsmodels: 0.14.5
2025-11-15 12:58:31,924:INFO:              sktime: 0.26.0
2025-11-15 12:58:31,924:INFO:               tbats: 1.1.3
2025-11-15 12:58:31,924:INFO:            pmdarima: 2.0.4
2025-11-15 12:58:31,924:INFO:              psutil: 7.0.0
2025-11-15 12:58:31,924:INFO:          markupsafe: 3.0.2
2025-11-15 12:58:31,925:INFO:             pickle5: Not installed
2025-11-15 12:58:31,925:INFO:         cloudpickle: 3.1.1
2025-11-15 12:58:31,925:INFO:         deprecation: 2.1.0
2025-11-15 12:58:31,925:INFO:              xxhash: 3.5.0
2025-11-15 12:58:31,925:INFO:           wurlitzer: Not installed
2025-11-15 12:58:31,925:INFO:PyCaret optional dependencies:
2025-11-15 12:58:31,947:INFO:                shap: Not installed
2025-11-15 12:58:31,947:INFO:           interpret: Not installed
2025-11-15 12:58:31,948:INFO:                umap: Not installed
2025-11-15 12:58:31,948:INFO:     ydata_profiling: Not installed
2025-11-15 12:58:31,948:INFO:  explainerdashboard: Not installed
2025-11-15 12:58:31,948:INFO:             autoviz: Not installed
2025-11-15 12:58:31,948:INFO:           fairlearn: Not installed
2025-11-15 12:58:31,948:INFO:          deepchecks: Not installed
2025-11-15 12:58:31,948:INFO:             xgboost: Not installed
2025-11-15 12:58:31,948:INFO:            catboost: Not installed
2025-11-15 12:58:31,948:INFO:              kmodes: Not installed
2025-11-15 12:58:31,948:INFO:             mlxtend: Not installed
2025-11-15 12:58:31,948:INFO:       statsforecast: Not installed
2025-11-15 12:58:31,948:INFO:        tune_sklearn: Not installed
2025-11-15 12:58:31,948:INFO:                 ray: Not installed
2025-11-15 12:58:31,948:INFO:            hyperopt: Not installed
2025-11-15 12:58:31,948:INFO:              optuna: Not installed
2025-11-15 12:58:31,948:INFO:               skopt: Not installed
2025-11-15 12:58:31,948:INFO:              mlflow: Not installed
2025-11-15 12:58:31,948:INFO:              gradio: Not installed
2025-11-15 12:58:31,948:INFO:             fastapi: Not installed
2025-11-15 12:58:31,948:INFO:             uvicorn: Not installed
2025-11-15 12:58:31,948:INFO:              m2cgen: Not installed
2025-11-15 12:58:31,948:INFO:           evidently: Not installed
2025-11-15 12:58:31,948:INFO:               fugue: Not installed
2025-11-15 12:58:31,948:INFO:           streamlit: Not installed
2025-11-15 12:58:31,948:INFO:             prophet: Not installed
2025-11-15 12:58:31,949:INFO:None
2025-11-15 12:58:31,949:INFO:Set up data.
2025-11-15 12:58:32,101:INFO:Set up folding strategy.
2025-11-15 12:59:36,340:INFO:PyCaret RegressionExperiment
2025-11-15 12:59:36,340:INFO:Logging name: reg-default-name
2025-11-15 12:59:36,340:INFO:ML Usecase: MLUsecase.REGRESSION
2025-11-15 12:59:36,340:INFO:version 3.3.2
2025-11-15 12:59:36,340:INFO:Initializing setup()
2025-11-15 12:59:36,340:INFO:self.USI: f58b
2025-11-15 12:59:36,340:INFO:self._variable_keys: {'idx', 'n_jobs_param', 'exp_name_log', 'gpu_n_jobs_param', 'memory', 'X_train', 'pipeline', 'exp_id', '_ml_usecase', 'html_param', 'y', '_available_plots', 'y_test', 'gpu_param', 'seed', 'y_train', 'fold_generator', 'X', 'data', 'logging_param', 'fold_groups_param', 'USI', 'transform_target_param', 'X_test', 'target_param', 'fold_shuffle_param', 'log_plots_param'}
2025-11-15 12:59:36,341:INFO:Checking environment
2025-11-15 12:59:36,341:INFO:python_version: 3.11.9
2025-11-15 12:59:36,341:INFO:python_build: ('tags/v3.11.9:de54cf5', 'Apr  2 2024 10:12:12')
2025-11-15 12:59:36,341:INFO:machine: AMD64
2025-11-15 12:59:36,341:INFO:platform: Windows-10-10.0.26100-SP0
2025-11-15 12:59:36,342:INFO:Memory: svmem(total=16969424896, available=3199619072, percent=81.1, used=13769805824, free=3199619072)
2025-11-15 12:59:36,342:INFO:Physical Core: 4
2025-11-15 12:59:36,342:INFO:Logical Core: 8
2025-11-15 12:59:36,342:INFO:Checking libraries
2025-11-15 12:59:36,342:INFO:System:
2025-11-15 12:59:36,342:INFO:    python: 3.11.9 (tags/v3.11.9:de54cf5, Apr  2 2024, 10:12:12) [MSC v.1938 64 bit (AMD64)]
2025-11-15 12:59:36,342:INFO:executable: c:\Program Files\Python311\python.exe
2025-11-15 12:59:36,342:INFO:   machine: Windows-10-10.0.26100-SP0
2025-11-15 12:59:36,342:INFO:PyCaret required dependencies:
2025-11-15 12:59:36,342:INFO:                 pip: 24.0
2025-11-15 12:59:36,342:INFO:          setuptools: 65.5.0
2025-11-15 12:59:36,343:INFO:             pycaret: 3.3.2
2025-11-15 12:59:36,343:INFO:             IPython: 9.5.0
2025-11-15 12:59:36,343:INFO:          ipywidgets: 7.8.5
2025-11-15 12:59:36,343:INFO:                tqdm: 4.67.1
2025-11-15 12:59:36,343:INFO:               numpy: 1.26.4
2025-11-15 12:59:36,343:INFO:              pandas: 2.1.4
2025-11-15 12:59:36,343:INFO:              jinja2: 3.1.6
2025-11-15 12:59:36,343:INFO:               scipy: 1.11.4
2025-11-15 12:59:36,343:INFO:              joblib: 1.3.2
2025-11-15 12:59:36,343:INFO:             sklearn: 1.4.2
2025-11-15 12:59:36,343:INFO:                pyod: 2.0.5
2025-11-15 12:59:36,343:INFO:            imblearn: 0.14.0
2025-11-15 12:59:36,343:INFO:   category_encoders: 2.7.0
2025-11-15 12:59:36,343:INFO:            lightgbm: 4.6.0
2025-11-15 12:59:36,343:INFO:               numba: 0.62.1
2025-11-15 12:59:36,343:INFO:            requests: 2.32.3
2025-11-15 12:59:36,343:INFO:          matplotlib: 3.7.5
2025-11-15 12:59:36,344:INFO:          scikitplot: 0.3.7
2025-11-15 12:59:36,344:INFO:         yellowbrick: 1.5
2025-11-15 12:59:36,344:INFO:              plotly: 6.4.0
2025-11-15 12:59:36,344:INFO:    plotly-resampler: Not installed
2025-11-15 12:59:36,344:INFO:             kaleido: 1.2.0
2025-11-15 12:59:36,344:INFO:           schemdraw: 0.15
2025-11-15 12:59:36,344:INFO:         statsmodels: 0.14.5
2025-11-15 12:59:36,344:INFO:              sktime: 0.26.0
2025-11-15 12:59:36,344:INFO:               tbats: 1.1.3
2025-11-15 12:59:36,344:INFO:            pmdarima: 2.0.4
2025-11-15 12:59:36,344:INFO:              psutil: 7.0.0
2025-11-15 12:59:36,344:INFO:          markupsafe: 3.0.2
2025-11-15 12:59:36,344:INFO:             pickle5: Not installed
2025-11-15 12:59:36,344:INFO:         cloudpickle: 3.1.1
2025-11-15 12:59:36,344:INFO:         deprecation: 2.1.0
2025-11-15 12:59:36,344:INFO:              xxhash: 3.5.0
2025-11-15 12:59:36,344:INFO:           wurlitzer: Not installed
2025-11-15 12:59:36,344:INFO:PyCaret optional dependencies:
2025-11-15 12:59:36,344:INFO:                shap: Not installed
2025-11-15 12:59:36,344:INFO:           interpret: Not installed
2025-11-15 12:59:36,345:INFO:                umap: Not installed
2025-11-15 12:59:36,345:INFO:     ydata_profiling: Not installed
2025-11-15 12:59:36,345:INFO:  explainerdashboard: Not installed
2025-11-15 12:59:36,345:INFO:             autoviz: Not installed
2025-11-15 12:59:36,345:INFO:           fairlearn: Not installed
2025-11-15 12:59:36,345:INFO:          deepchecks: Not installed
2025-11-15 12:59:36,345:INFO:             xgboost: Not installed
2025-11-15 12:59:36,345:INFO:            catboost: Not installed
2025-11-15 12:59:36,345:INFO:              kmodes: Not installed
2025-11-15 12:59:36,345:INFO:             mlxtend: Not installed
2025-11-15 12:59:36,345:INFO:       statsforecast: Not installed
2025-11-15 12:59:36,345:INFO:        tune_sklearn: Not installed
2025-11-15 12:59:36,345:INFO:                 ray: Not installed
2025-11-15 12:59:36,345:INFO:            hyperopt: Not installed
2025-11-15 12:59:36,345:INFO:              optuna: Not installed
2025-11-15 12:59:36,345:INFO:               skopt: Not installed
2025-11-15 12:59:36,345:INFO:              mlflow: Not installed
2025-11-15 12:59:36,345:INFO:              gradio: Not installed
2025-11-15 12:59:36,345:INFO:             fastapi: Not installed
2025-11-15 12:59:36,345:INFO:             uvicorn: Not installed
2025-11-15 12:59:36,345:INFO:              m2cgen: Not installed
2025-11-15 12:59:36,345:INFO:           evidently: Not installed
2025-11-15 12:59:36,345:INFO:               fugue: Not installed
2025-11-15 12:59:36,345:INFO:           streamlit: Not installed
2025-11-15 12:59:36,347:INFO:             prophet: Not installed
2025-11-15 12:59:36,347:INFO:None
2025-11-15 12:59:36,347:INFO:Set up data.
2025-11-15 12:59:36,475:INFO:Set up folding strategy.
2025-11-15 13:00:55,590:INFO:PyCaret RegressionExperiment
2025-11-15 13:00:55,590:INFO:Logging name: reg-default-name
2025-11-15 13:00:55,590:INFO:ML Usecase: MLUsecase.REGRESSION
2025-11-15 13:00:55,590:INFO:version 3.3.2
2025-11-15 13:00:55,590:INFO:Initializing setup()
2025-11-15 13:00:55,591:INFO:self.USI: 8191
2025-11-15 13:00:55,591:INFO:self._variable_keys: {'idx', 'n_jobs_param', 'exp_name_log', 'gpu_n_jobs_param', 'memory', 'X_train', 'pipeline', 'exp_id', '_ml_usecase', 'html_param', 'y', '_available_plots', 'y_test', 'gpu_param', 'seed', 'y_train', 'fold_generator', 'X', 'data', 'logging_param', 'fold_groups_param', 'USI', 'transform_target_param', 'X_test', 'target_param', 'fold_shuffle_param', 'log_plots_param'}
2025-11-15 13:00:55,591:INFO:Checking environment
2025-11-15 13:00:55,591:INFO:python_version: 3.11.9
2025-11-15 13:00:55,591:INFO:python_build: ('tags/v3.11.9:de54cf5', 'Apr  2 2024 10:12:12')
2025-11-15 13:00:55,591:INFO:machine: AMD64
2025-11-15 13:00:55,591:INFO:platform: Windows-10-10.0.26100-SP0
2025-11-15 13:00:55,591:INFO:Memory: svmem(total=16969424896, available=2938601472, percent=82.7, used=14030823424, free=2938601472)
2025-11-15 13:00:55,591:INFO:Physical Core: 4
2025-11-15 13:00:55,591:INFO:Logical Core: 8
2025-11-15 13:00:55,591:INFO:Checking libraries
2025-11-15 13:00:55,591:INFO:System:
2025-11-15 13:00:55,591:INFO:    python: 3.11.9 (tags/v3.11.9:de54cf5, Apr  2 2024, 10:12:12) [MSC v.1938 64 bit (AMD64)]
2025-11-15 13:00:55,591:INFO:executable: c:\Program Files\Python311\python.exe
2025-11-15 13:00:55,591:INFO:   machine: Windows-10-10.0.26100-SP0
2025-11-15 13:00:55,591:INFO:PyCaret required dependencies:
2025-11-15 13:00:55,591:INFO:                 pip: 24.0
2025-11-15 13:00:55,591:INFO:          setuptools: 65.5.0
2025-11-15 13:00:55,591:INFO:             pycaret: 3.3.2
2025-11-15 13:00:55,591:INFO:             IPython: 9.5.0
2025-11-15 13:00:55,593:INFO:          ipywidgets: 7.8.5
2025-11-15 13:00:55,593:INFO:                tqdm: 4.67.1
2025-11-15 13:00:55,593:INFO:               numpy: 1.26.4
2025-11-15 13:00:55,593:INFO:              pandas: 2.1.4
2025-11-15 13:00:55,593:INFO:              jinja2: 3.1.6
2025-11-15 13:00:55,593:INFO:               scipy: 1.11.4
2025-11-15 13:00:55,593:INFO:              joblib: 1.3.2
2025-11-15 13:00:55,593:INFO:             sklearn: 1.4.2
2025-11-15 13:00:55,593:INFO:                pyod: 2.0.5
2025-11-15 13:00:55,593:INFO:            imblearn: 0.14.0
2025-11-15 13:00:55,593:INFO:   category_encoders: 2.7.0
2025-11-15 13:00:55,593:INFO:            lightgbm: 4.6.0
2025-11-15 13:00:55,593:INFO:               numba: 0.62.1
2025-11-15 13:00:55,593:INFO:            requests: 2.32.3
2025-11-15 13:00:55,593:INFO:          matplotlib: 3.7.5
2025-11-15 13:00:55,593:INFO:          scikitplot: 0.3.7
2025-11-15 13:00:55,593:INFO:         yellowbrick: 1.5
2025-11-15 13:00:55,593:INFO:              plotly: 6.4.0
2025-11-15 13:00:55,594:INFO:    plotly-resampler: Not installed
2025-11-15 13:00:55,594:INFO:             kaleido: 1.2.0
2025-11-15 13:00:55,594:INFO:           schemdraw: 0.15
2025-11-15 13:00:55,594:INFO:         statsmodels: 0.14.5
2025-11-15 13:00:55,594:INFO:              sktime: 0.26.0
2025-11-15 13:00:55,594:INFO:               tbats: 1.1.3
2025-11-15 13:00:55,594:INFO:            pmdarima: 2.0.4
2025-11-15 13:00:55,594:INFO:              psutil: 7.0.0
2025-11-15 13:00:55,594:INFO:          markupsafe: 3.0.2
2025-11-15 13:00:55,594:INFO:             pickle5: Not installed
2025-11-15 13:00:55,594:INFO:         cloudpickle: 3.1.1
2025-11-15 13:00:55,594:INFO:         deprecation: 2.1.0
2025-11-15 13:00:55,594:INFO:              xxhash: 3.5.0
2025-11-15 13:00:55,594:INFO:           wurlitzer: Not installed
2025-11-15 13:00:55,594:INFO:PyCaret optional dependencies:
2025-11-15 13:00:55,594:INFO:                shap: Not installed
2025-11-15 13:00:55,595:INFO:           interpret: Not installed
2025-11-15 13:00:55,595:INFO:                umap: Not installed
2025-11-15 13:00:55,595:INFO:     ydata_profiling: Not installed
2025-11-15 13:00:55,595:INFO:  explainerdashboard: Not installed
2025-11-15 13:00:55,595:INFO:             autoviz: Not installed
2025-11-15 13:00:55,595:INFO:           fairlearn: Not installed
2025-11-15 13:00:55,595:INFO:          deepchecks: Not installed
2025-11-15 13:00:55,595:INFO:             xgboost: Not installed
2025-11-15 13:00:55,595:INFO:            catboost: Not installed
2025-11-15 13:00:55,595:INFO:              kmodes: Not installed
2025-11-15 13:00:55,595:INFO:             mlxtend: Not installed
2025-11-15 13:00:55,595:INFO:       statsforecast: Not installed
2025-11-15 13:00:55,595:INFO:        tune_sklearn: Not installed
2025-11-15 13:00:55,595:INFO:                 ray: Not installed
2025-11-15 13:00:55,595:INFO:            hyperopt: Not installed
2025-11-15 13:00:55,595:INFO:              optuna: Not installed
2025-11-15 13:00:55,596:INFO:               skopt: Not installed
2025-11-15 13:00:55,596:INFO:              mlflow: Not installed
2025-11-15 13:00:55,596:INFO:              gradio: Not installed
2025-11-15 13:00:55,596:INFO:             fastapi: Not installed
2025-11-15 13:00:55,596:INFO:             uvicorn: Not installed
2025-11-15 13:00:55,596:INFO:              m2cgen: Not installed
2025-11-15 13:00:55,596:INFO:           evidently: Not installed
2025-11-15 13:00:55,596:INFO:               fugue: Not installed
2025-11-15 13:00:55,596:INFO:           streamlit: Not installed
2025-11-15 13:00:55,596:INFO:             prophet: Not installed
2025-11-15 13:00:55,596:INFO:None
2025-11-15 13:00:55,596:INFO:Set up data.
2025-11-15 13:00:55,737:INFO:Set up folding strategy.
2025-11-15 13:00:55,737:INFO:Set up train/test split.
2025-11-15 13:00:55,907:INFO:Set up index.
2025-11-15 13:00:55,920:INFO:Assigning column types.
2025-11-15 13:00:56,166:INFO:Engine successfully changes for model 'lr' to 'sklearn'.
2025-11-15 13:00:56,166:INFO:Engine for model 'lasso' has not been set explicitly, hence returning None.
2025-11-15 13:00:56,172:INFO:Engine for model 'ridge' has not been set explicitly, hence returning None.
2025-11-15 13:00:56,176:INFO:Engine for model 'en' has not been set explicitly, hence returning None.
2025-11-15 13:00:56,443:INFO:Engine for model 'svm' has not been set explicitly, hence returning None.
2025-11-15 13:00:56,504:INFO:Engine for model 'knn' has not been set explicitly, hence returning None.
2025-11-15 13:00:56,505:WARNING:
'xgboost' is a soft dependency and not included in the pycaret installation. Please run: `pip install xgboost` to install.
Alternately, you can install this by running `pip install pycaret[models]`
2025-11-15 13:00:56,505:WARNING:
'catboost' is a soft dependency and not included in the pycaret installation. Please run: `pip install catboost` to install.
Alternately, you can install this by running `pip install pycaret[models]`
2025-11-15 13:00:56,505:INFO:Engine for model 'lasso' has not been set explicitly, hence returning None.
2025-11-15 13:00:56,510:INFO:Engine for model 'ridge' has not been set explicitly, hence returning None.
2025-11-15 13:00:56,516:INFO:Engine for model 'en' has not been set explicitly, hence returning None.
2025-11-15 13:00:56,774:INFO:Engine for model 'svm' has not been set explicitly, hence returning None.
2025-11-15 13:00:56,829:INFO:Engine for model 'knn' has not been set explicitly, hence returning None.
2025-11-15 13:00:56,830:WARNING:
'xgboost' is a soft dependency and not included in the pycaret installation. Please run: `pip install xgboost` to install.
Alternately, you can install this by running `pip install pycaret[models]`
2025-11-15 13:00:56,830:WARNING:
'catboost' is a soft dependency and not included in the pycaret installation. Please run: `pip install catboost` to install.
Alternately, you can install this by running `pip install pycaret[models]`
2025-11-15 13:00:56,830:INFO:Engine successfully changes for model 'lasso' to 'sklearn'.
2025-11-15 13:00:56,836:INFO:Engine for model 'ridge' has not been set explicitly, hence returning None.
2025-11-15 13:00:56,841:INFO:Engine for model 'en' has not been set explicitly, hence returning None.
2025-11-15 13:00:57,132:INFO:Engine for model 'svm' has not been set explicitly, hence returning None.
2025-11-15 13:00:57,176:INFO:Engine for model 'knn' has not been set explicitly, hence returning None.
2025-11-15 13:00:57,177:WARNING:
'xgboost' is a soft dependency and not included in the pycaret installation. Please run: `pip install xgboost` to install.
Alternately, you can install this by running `pip install pycaret[models]`
2025-11-15 13:00:57,177:WARNING:
'catboost' is a soft dependency and not included in the pycaret installation. Please run: `pip install catboost` to install.
Alternately, you can install this by running `pip install pycaret[models]`
2025-11-15 13:00:57,182:INFO:Engine for model 'ridge' has not been set explicitly, hence returning None.
2025-11-15 13:00:57,188:INFO:Engine for model 'en' has not been set explicitly, hence returning None.
2025-11-15 13:00:57,430:INFO:Engine for model 'svm' has not been set explicitly, hence returning None.
2025-11-15 13:00:57,482:INFO:Engine for model 'knn' has not been set explicitly, hence returning None.
2025-11-15 13:00:57,483:WARNING:
'xgboost' is a soft dependency and not included in the pycaret installation. Please run: `pip install xgboost` to install.
Alternately, you can install this by running `pip install pycaret[models]`
2025-11-15 13:00:57,483:WARNING:
'catboost' is a soft dependency and not included in the pycaret installation. Please run: `pip install catboost` to install.
Alternately, you can install this by running `pip install pycaret[models]`
2025-11-15 13:00:57,483:INFO:Engine successfully changes for model 'ridge' to 'sklearn'.
2025-11-15 13:00:57,493:INFO:Engine for model 'en' has not been set explicitly, hence returning None.
2025-11-15 13:00:57,732:INFO:Engine for model 'svm' has not been set explicitly, hence returning None.
2025-11-15 13:00:57,785:INFO:Engine for model 'knn' has not been set explicitly, hence returning None.
2025-11-15 13:00:57,785:WARNING:
'xgboost' is a soft dependency and not included in the pycaret installation. Please run: `pip install xgboost` to install.
Alternately, you can install this by running `pip install pycaret[models]`
2025-11-15 13:00:57,786:WARNING:
'catboost' is a soft dependency and not included in the pycaret installation. Please run: `pip install catboost` to install.
Alternately, you can install this by running `pip install pycaret[models]`
2025-11-15 13:00:57,795:INFO:Engine for model 'en' has not been set explicitly, hence returning None.
2025-11-15 13:00:58,092:INFO:Engine for model 'svm' has not been set explicitly, hence returning None.
2025-11-15 13:00:58,135:INFO:Engine for model 'knn' has not been set explicitly, hence returning None.
2025-11-15 13:00:58,136:WARNING:
'xgboost' is a soft dependency and not included in the pycaret installation. Please run: `pip install xgboost` to install.
Alternately, you can install this by running `pip install pycaret[models]`
2025-11-15 13:00:58,136:WARNING:
'catboost' is a soft dependency and not included in the pycaret installation. Please run: `pip install catboost` to install.
Alternately, you can install this by running `pip install pycaret[models]`
2025-11-15 13:00:58,136:INFO:Engine successfully changes for model 'en' to 'sklearn'.
2025-11-15 13:00:58,445:INFO:Engine for model 'svm' has not been set explicitly, hence returning None.
2025-11-15 13:00:58,489:INFO:Engine for model 'knn' has not been set explicitly, hence returning None.
2025-11-15 13:00:58,489:WARNING:
'xgboost' is a soft dependency and not included in the pycaret installation. Please run: `pip install xgboost` to install.
Alternately, you can install this by running `pip install pycaret[models]`
2025-11-15 13:00:58,490:WARNING:
'catboost' is a soft dependency and not included in the pycaret installation. Please run: `pip install catboost` to install.
Alternately, you can install this by running `pip install pycaret[models]`
2025-11-15 13:00:58,769:INFO:Engine for model 'svm' has not been set explicitly, hence returning None.
2025-11-15 13:00:58,823:INFO:Engine for model 'knn' has not been set explicitly, hence returning None.
2025-11-15 13:00:58,823:WARNING:
'xgboost' is a soft dependency and not included in the pycaret installation. Please run: `pip install xgboost` to install.
Alternately, you can install this by running `pip install pycaret[models]`
2025-11-15 13:00:58,823:WARNING:
'catboost' is a soft dependency and not included in the pycaret installation. Please run: `pip install catboost` to install.
Alternately, you can install this by running `pip install pycaret[models]`
2025-11-15 13:00:58,824:INFO:Engine successfully changes for model 'knn' to 'sklearn'.
2025-11-15 13:00:59,107:INFO:Engine for model 'svm' has not been set explicitly, hence returning None.
2025-11-15 13:00:59,163:WARNING:
'xgboost' is a soft dependency and not included in the pycaret installation. Please run: `pip install xgboost` to install.
Alternately, you can install this by running `pip install pycaret[models]`
2025-11-15 13:00:59,163:WARNING:
'catboost' is a soft dependency and not included in the pycaret installation. Please run: `pip install catboost` to install.
Alternately, you can install this by running `pip install pycaret[models]`
2025-11-15 13:00:59,464:INFO:Engine for model 'svm' has not been set explicitly, hence returning None.
2025-11-15 13:00:59,520:WARNING:
'xgboost' is a soft dependency and not included in the pycaret installation. Please run: `pip install xgboost` to install.
Alternately, you can install this by running `pip install pycaret[models]`
2025-11-15 13:00:59,520:WARNING:
'catboost' is a soft dependency and not included in the pycaret installation. Please run: `pip install catboost` to install.
Alternately, you can install this by running `pip install pycaret[models]`
2025-11-15 13:00:59,521:INFO:Engine successfully changes for model 'svm' to 'sklearn'.
2025-11-15 13:00:59,874:WARNING:
'xgboost' is a soft dependency and not included in the pycaret installation. Please run: `pip install xgboost` to install.
Alternately, you can install this by running `pip install pycaret[models]`
2025-11-15 13:00:59,876:WARNING:
'catboost' is a soft dependency and not included in the pycaret installation. Please run: `pip install catboost` to install.
Alternately, you can install this by running `pip install pycaret[models]`
2025-11-15 13:01:00,328:WARNING:
'xgboost' is a soft dependency and not included in the pycaret installation. Please run: `pip install xgboost` to install.
Alternately, you can install this by running `pip install pycaret[models]`
2025-11-15 13:01:00,328:WARNING:
'catboost' is a soft dependency and not included in the pycaret installation. Please run: `pip install catboost` to install.
Alternately, you can install this by running `pip install pycaret[models]`
2025-11-15 13:01:00,339:INFO:Preparing preprocessing pipeline...
2025-11-15 13:01:00,339:INFO:Set up simple imputation.
2025-11-15 13:01:00,896:INFO:Finished creating preprocessing pipeline.
2025-11-15 13:01:00,900:INFO:Pipeline: Pipeline(memory=FastMemory(location=C:\Users\sande\AppData\Local\Temp\joblib),
         steps=[('numerical_imputer',
                 TransformerWrapper(include=['settlement_period', 'tsd',
                                             'england_wales_demand',
                                             'embedded_wind_generation',
                                             'embedded_wind_capacity',
                                             'embedded_solar_generation',
                                             'embedded_solar_capacity',
                                             'non_bm_stor',
                                             'pump_storage_pumping', 'ifa_flow',
                                             'ifa2_flow', '...
                                             'nemo_flow', 'hour', 'dayofweek',
                                             'month', 'is_weekend', 'nd_lag_1',
                                             'nd_lag_48', 'nd_lag_336',
                                             'nd_roll_mean_3', 'nd_roll_std_3',
                                             'nd_roll_mean_6', 'nd_roll_std_6',
                                             'nd_roll_mean_24',
                                             'nd_roll_std_24',
                                             'nd_roll_mean_48',
                                             'nd_roll_std_48'],
                                    transformer=SimpleImputer())),
                ('categorical_imputer',
                 TransformerWrapper(include=[],
                                    transformer=SimpleImputer(strategy='most_frequent')))])
2025-11-15 13:01:00,900:INFO:Creating final display dataframe.
2025-11-15 13:01:03,590:INFO:Setup _display_container:                     Description             Value
0                    Session id                42
1                        Target                nd
2                   Target type        Regression
3           Original data shape      (234737, 31)
4        Transformed data shape      (234737, 31)
5   Transformed train set shape      (164315, 31)
6    Transformed test set shape       (70422, 31)
7              Numeric features                30
8                    Preprocess              True
9               Imputation type            simple
10           Numeric imputation              mean
11       Categorical imputation              mode
12               Fold Generator   TimeSeriesSplit
13                  Fold Number                 5
14                     CPU Jobs                -1
15                      Use GPU             False
16               Log Experiment             False
17              Experiment Name  reg-default-name
18                          USI              8191
2025-11-15 13:01:04,496:WARNING:
'xgboost' is a soft dependency and not included in the pycaret installation. Please run: `pip install xgboost` to install.
Alternately, you can install this by running `pip install pycaret[models]`
2025-11-15 13:01:04,497:WARNING:
'catboost' is a soft dependency and not included in the pycaret installation. Please run: `pip install catboost` to install.
Alternately, you can install this by running `pip install pycaret[models]`
2025-11-15 13:01:06,086:WARNING:
'xgboost' is a soft dependency and not included in the pycaret installation. Please run: `pip install xgboost` to install.
Alternately, you can install this by running `pip install pycaret[models]`
2025-11-15 13:01:06,087:WARNING:
'catboost' is a soft dependency and not included in the pycaret installation. Please run: `pip install catboost` to install.
Alternately, you can install this by running `pip install pycaret[models]`
2025-11-15 13:01:06,090:INFO:setup() successfully completed in 10.5s...............
2025-11-15 13:01:06,091:INFO:Initializing compare_models()
2025-11-15 13:01:06,091:INFO:compare_models(self=<pycaret.regression.oop.RegressionExperiment object at 0x00000269A9E7BC10>, include=None, exclude=None, fold=None, round=4, cross_validation=True, sort=R2, n_select=3, budget_time=None, turbo=True, errors=ignore, fit_kwargs=None, groups=None, experiment_custom_tags=None, probability_threshold=None, verbose=True, parallel=None, caller_params={'self': <pycaret.regression.oop.RegressionExperiment object at 0x00000269A9E7BC10>, 'include': None, 'exclude': None, 'fold': None, 'round': 4, 'cross_validation': True, 'sort': 'R2', 'n_select': 3, 'budget_time': None, 'turbo': True, 'errors': 'ignore', 'fit_kwargs': None, 'groups': None, 'experiment_custom_tags': None, 'engine': None, 'verbose': True, 'parallel': None, '__class__': <class 'pycaret.regression.oop.RegressionExperiment'>})
2025-11-15 13:01:06,091:INFO:Checking exceptions
2025-11-15 13:01:06,588:INFO:Preparing display monitor
2025-11-15 13:01:06,932:INFO:Initializing Linear Regression
2025-11-15 13:01:06,941:INFO:Total runtime is 0.0001499017079671224 minutes
2025-11-15 13:01:07,013:INFO:SubProcess create_model() called ==================================
2025-11-15 13:01:07,015:INFO:Initializing create_model()
2025-11-15 13:01:07,017:INFO:create_model(self=<pycaret.regression.oop.RegressionExperiment object at 0x00000269A9E7BC10>, estimator=lr, fold=TimeSeriesSplit(gap=0, max_train_size=None, n_splits=5, test_size=None), round=4, cross_validation=True, predict=True, fit_kwargs={}, groups=None, refit=False, probability_threshold=None, experiment_custom_tags=None, verbose=False, system=False, add_to_model_list=True, metrics=None, display=<pycaret.internal.display.display.CommonDisplay object at 0x00000269C5DE2390>, model_only=True, return_train_score=False, error_score=0.0, kwargs={})
2025-11-15 13:01:07,018:INFO:Checking exceptions
2025-11-15 13:01:07,018:INFO:Importing libraries
2025-11-15 13:01:07,019:INFO:Copying training dataset
2025-11-15 13:01:08,339:INFO:Defining folds
2025-11-15 13:01:08,339:INFO:Declaring metric variables
2025-11-15 13:01:08,359:INFO:Importing untrained model
2025-11-15 13:01:08,383:INFO:Linear Regression Imported successfully
2025-11-15 13:01:08,418:INFO:Starting cross validation
2025-11-15 13:01:08,446:INFO:Cross validating with TimeSeriesSplit(gap=0, max_train_size=None, n_splits=5, test_size=None), n_jobs=-1
2025-11-15 13:01:19,156:INFO:Calculating mean and std
2025-11-15 13:01:19,157:INFO:Creating metrics dataframe
2025-11-15 13:01:19,160:INFO:Uploading results into container
2025-11-15 13:01:19,161:INFO:Uploading model into container now
2025-11-15 13:01:19,161:INFO:_master_model_container: 1
2025-11-15 13:01:19,162:INFO:_display_container: 2
2025-11-15 13:01:19,163:INFO:LinearRegression(n_jobs=-1)
2025-11-15 13:01:19,163:INFO:create_model() successfully completed......................................
2025-11-15 13:01:19,310:INFO:SubProcess create_model() end ==================================
2025-11-15 13:01:19,310:INFO:Creating metrics dataframe
2025-11-15 13:01:19,322:INFO:Initializing Lasso Regression
2025-11-15 13:01:19,322:INFO:Total runtime is 0.20650104681650797 minutes
2025-11-15 13:01:19,328:INFO:SubProcess create_model() called ==================================
2025-11-15 13:01:19,328:INFO:Initializing create_model()
2025-11-15 13:01:19,329:INFO:create_model(self=<pycaret.regression.oop.RegressionExperiment object at 0x00000269A9E7BC10>, estimator=lasso, fold=TimeSeriesSplit(gap=0, max_train_size=None, n_splits=5, test_size=None), round=4, cross_validation=True, predict=True, fit_kwargs={}, groups=None, refit=False, probability_threshold=None, experiment_custom_tags=None, verbose=False, system=False, add_to_model_list=True, metrics=None, display=<pycaret.internal.display.display.CommonDisplay object at 0x00000269C5DE2390>, model_only=True, return_train_score=False, error_score=0.0, kwargs={})
2025-11-15 13:01:19,329:INFO:Checking exceptions
2025-11-15 13:01:19,329:INFO:Importing libraries
2025-11-15 13:01:19,329:INFO:Copying training dataset
2025-11-15 13:01:19,630:INFO:Defining folds
2025-11-15 13:01:19,630:INFO:Declaring metric variables
2025-11-15 13:01:19,636:INFO:Importing untrained model
2025-11-15 13:01:19,641:INFO:Lasso Regression Imported successfully
2025-11-15 13:01:19,651:INFO:Starting cross validation
2025-11-15 13:01:19,652:INFO:Cross validating with TimeSeriesSplit(gap=0, max_train_size=None, n_splits=5, test_size=None), n_jobs=-1
2025-11-15 13:01:25,738:INFO:Calculating mean and std
2025-11-15 13:01:25,741:INFO:Creating metrics dataframe
2025-11-15 13:01:25,745:INFO:Uploading results into container
2025-11-15 13:01:25,747:INFO:Uploading model into container now
2025-11-15 13:01:25,749:INFO:_master_model_container: 2
2025-11-15 13:01:25,749:INFO:_display_container: 2
2025-11-15 13:01:25,751:INFO:Lasso(random_state=42)
2025-11-15 13:01:25,752:INFO:create_model() successfully completed......................................
2025-11-15 13:01:25,897:INFO:SubProcess create_model() end ==================================
2025-11-15 13:01:25,898:INFO:Creating metrics dataframe
2025-11-15 13:01:25,910:INFO:Initializing Ridge Regression
2025-11-15 13:01:25,910:INFO:Total runtime is 0.31630468368530273 minutes
2025-11-15 13:01:25,915:INFO:SubProcess create_model() called ==================================
2025-11-15 13:01:25,916:INFO:Initializing create_model()
2025-11-15 13:01:25,916:INFO:create_model(self=<pycaret.regression.oop.RegressionExperiment object at 0x00000269A9E7BC10>, estimator=ridge, fold=TimeSeriesSplit(gap=0, max_train_size=None, n_splits=5, test_size=None), round=4, cross_validation=True, predict=True, fit_kwargs={}, groups=None, refit=False, probability_threshold=None, experiment_custom_tags=None, verbose=False, system=False, add_to_model_list=True, metrics=None, display=<pycaret.internal.display.display.CommonDisplay object at 0x00000269C5DE2390>, model_only=True, return_train_score=False, error_score=0.0, kwargs={})
2025-11-15 13:01:25,916:INFO:Checking exceptions
2025-11-15 13:01:25,916:INFO:Importing libraries
2025-11-15 13:01:25,916:INFO:Copying training dataset
2025-11-15 13:01:26,190:INFO:Defining folds
2025-11-15 13:01:26,190:INFO:Declaring metric variables
2025-11-15 13:01:26,195:INFO:Importing untrained model
2025-11-15 13:01:26,199:INFO:Ridge Regression Imported successfully
2025-11-15 13:01:26,208:INFO:Starting cross validation
2025-11-15 13:01:26,210:INFO:Cross validating with TimeSeriesSplit(gap=0, max_train_size=None, n_splits=5, test_size=None), n_jobs=-1
2025-11-15 13:01:27,244:INFO:Calculating mean and std
2025-11-15 13:01:27,249:INFO:Creating metrics dataframe
2025-11-15 13:01:27,259:INFO:Uploading results into container
2025-11-15 13:01:27,261:INFO:Uploading model into container now
2025-11-15 13:01:27,261:INFO:_master_model_container: 3
2025-11-15 13:01:27,262:INFO:_display_container: 2
2025-11-15 13:01:27,262:INFO:Ridge(random_state=42)
2025-11-15 13:01:27,263:INFO:create_model() successfully completed......................................
2025-11-15 13:01:27,387:INFO:SubProcess create_model() end ==================================
2025-11-15 13:01:27,388:INFO:Creating metrics dataframe
2025-11-15 13:01:27,395:INFO:Initializing Elastic Net
2025-11-15 13:01:27,395:INFO:Total runtime is 0.34104393323262533 minutes
2025-11-15 13:01:27,398:INFO:SubProcess create_model() called ==================================
2025-11-15 13:01:27,398:INFO:Initializing create_model()
2025-11-15 13:01:27,399:INFO:create_model(self=<pycaret.regression.oop.RegressionExperiment object at 0x00000269A9E7BC10>, estimator=en, fold=TimeSeriesSplit(gap=0, max_train_size=None, n_splits=5, test_size=None), round=4, cross_validation=True, predict=True, fit_kwargs={}, groups=None, refit=False, probability_threshold=None, experiment_custom_tags=None, verbose=False, system=False, add_to_model_list=True, metrics=None, display=<pycaret.internal.display.display.CommonDisplay object at 0x00000269C5DE2390>, model_only=True, return_train_score=False, error_score=0.0, kwargs={})
2025-11-15 13:01:27,399:INFO:Checking exceptions
2025-11-15 13:01:27,399:INFO:Importing libraries
2025-11-15 13:01:27,399:INFO:Copying training dataset
2025-11-15 13:01:27,711:INFO:Defining folds
2025-11-15 13:01:27,711:INFO:Declaring metric variables
2025-11-15 13:01:27,715:INFO:Importing untrained model
2025-11-15 13:01:27,722:INFO:Elastic Net Imported successfully
2025-11-15 13:01:27,730:INFO:Starting cross validation
2025-11-15 13:01:27,732:INFO:Cross validating with TimeSeriesSplit(gap=0, max_train_size=None, n_splits=5, test_size=None), n_jobs=-1
2025-11-15 13:01:31,745:INFO:Calculating mean and std
2025-11-15 13:01:31,747:INFO:Creating metrics dataframe
2025-11-15 13:01:31,750:INFO:Uploading results into container
2025-11-15 13:01:31,751:INFO:Uploading model into container now
2025-11-15 13:01:31,752:INFO:_master_model_container: 4
2025-11-15 13:01:31,753:INFO:_display_container: 2
2025-11-15 13:01:31,753:INFO:ElasticNet(random_state=42)
2025-11-15 13:01:31,754:INFO:create_model() successfully completed......................................
2025-11-15 13:01:31,895:INFO:SubProcess create_model() end ==================================
2025-11-15 13:01:31,895:INFO:Creating metrics dataframe
2025-11-15 13:01:31,903:INFO:Initializing Least Angle Regression
2025-11-15 13:01:31,903:INFO:Total runtime is 0.4161823074022929 minutes
2025-11-15 13:01:31,908:INFO:SubProcess create_model() called ==================================
2025-11-15 13:01:31,908:INFO:Initializing create_model()
2025-11-15 13:01:31,908:INFO:create_model(self=<pycaret.regression.oop.RegressionExperiment object at 0x00000269A9E7BC10>, estimator=lar, fold=TimeSeriesSplit(gap=0, max_train_size=None, n_splits=5, test_size=None), round=4, cross_validation=True, predict=True, fit_kwargs={}, groups=None, refit=False, probability_threshold=None, experiment_custom_tags=None, verbose=False, system=False, add_to_model_list=True, metrics=None, display=<pycaret.internal.display.display.CommonDisplay object at 0x00000269C5DE2390>, model_only=True, return_train_score=False, error_score=0.0, kwargs={})
2025-11-15 13:01:31,908:INFO:Checking exceptions
2025-11-15 13:01:31,909:INFO:Importing libraries
2025-11-15 13:01:31,909:INFO:Copying training dataset
2025-11-15 13:01:32,260:INFO:Defining folds
2025-11-15 13:01:32,261:INFO:Declaring metric variables
2025-11-15 13:01:32,270:INFO:Importing untrained model
2025-11-15 13:01:32,282:INFO:Least Angle Regression Imported successfully
2025-11-15 13:01:32,296:INFO:Starting cross validation
2025-11-15 13:01:32,298:INFO:Cross validating with TimeSeriesSplit(gap=0, max_train_size=None, n_splits=5, test_size=None), n_jobs=-1
2025-11-15 13:01:33,196:INFO:Calculating mean and std
2025-11-15 13:01:33,198:INFO:Creating metrics dataframe
2025-11-15 13:01:33,201:INFO:Uploading results into container
2025-11-15 13:01:33,202:INFO:Uploading model into container now
2025-11-15 13:01:33,202:INFO:_master_model_container: 5
2025-11-15 13:01:33,202:INFO:_display_container: 2
2025-11-15 13:01:33,203:INFO:Lars(random_state=42)
2025-11-15 13:01:33,203:INFO:create_model() successfully completed......................................
2025-11-15 13:01:33,307:INFO:SubProcess create_model() end ==================================
2025-11-15 13:01:33,307:INFO:Creating metrics dataframe
2025-11-15 13:01:33,314:INFO:Initializing Lasso Least Angle Regression
2025-11-15 13:01:33,314:INFO:Total runtime is 0.4396944801012675 minutes
2025-11-15 13:01:33,319:INFO:SubProcess create_model() called ==================================
2025-11-15 13:01:33,319:INFO:Initializing create_model()
2025-11-15 13:01:33,319:INFO:create_model(self=<pycaret.regression.oop.RegressionExperiment object at 0x00000269A9E7BC10>, estimator=llar, fold=TimeSeriesSplit(gap=0, max_train_size=None, n_splits=5, test_size=None), round=4, cross_validation=True, predict=True, fit_kwargs={}, groups=None, refit=False, probability_threshold=None, experiment_custom_tags=None, verbose=False, system=False, add_to_model_list=True, metrics=None, display=<pycaret.internal.display.display.CommonDisplay object at 0x00000269C5DE2390>, model_only=True, return_train_score=False, error_score=0.0, kwargs={})
2025-11-15 13:01:33,319:INFO:Checking exceptions
2025-11-15 13:01:33,320:INFO:Importing libraries
2025-11-15 13:01:33,320:INFO:Copying training dataset
2025-11-15 13:01:33,601:INFO:Defining folds
2025-11-15 13:01:33,602:INFO:Declaring metric variables
2025-11-15 13:01:33,607:INFO:Importing untrained model
2025-11-15 13:01:33,611:INFO:Lasso Least Angle Regression Imported successfully
2025-11-15 13:01:33,618:INFO:Starting cross validation
2025-11-15 13:01:33,620:INFO:Cross validating with TimeSeriesSplit(gap=0, max_train_size=None, n_splits=5, test_size=None), n_jobs=-1
2025-11-15 13:01:34,657:INFO:Calculating mean and std
2025-11-15 13:01:34,660:INFO:Creating metrics dataframe
2025-11-15 13:01:34,663:INFO:Uploading results into container
2025-11-15 13:01:34,665:INFO:Uploading model into container now
2025-11-15 13:01:34,667:INFO:_master_model_container: 6
2025-11-15 13:01:34,667:INFO:_display_container: 2
2025-11-15 13:01:34,669:INFO:LassoLars(random_state=42)
2025-11-15 13:01:34,670:INFO:create_model() successfully completed......................................
2025-11-15 13:01:34,779:INFO:SubProcess create_model() end ==================================
2025-11-15 13:01:34,780:INFO:Creating metrics dataframe
2025-11-15 13:01:34,793:INFO:Initializing Orthogonal Matching Pursuit
2025-11-15 13:01:34,793:INFO:Total runtime is 0.464349627494812 minutes
2025-11-15 13:01:34,800:INFO:SubProcess create_model() called ==================================
2025-11-15 13:01:34,801:INFO:Initializing create_model()
2025-11-15 13:01:34,801:INFO:create_model(self=<pycaret.regression.oop.RegressionExperiment object at 0x00000269A9E7BC10>, estimator=omp, fold=TimeSeriesSplit(gap=0, max_train_size=None, n_splits=5, test_size=None), round=4, cross_validation=True, predict=True, fit_kwargs={}, groups=None, refit=False, probability_threshold=None, experiment_custom_tags=None, verbose=False, system=False, add_to_model_list=True, metrics=None, display=<pycaret.internal.display.display.CommonDisplay object at 0x00000269C5DE2390>, model_only=True, return_train_score=False, error_score=0.0, kwargs={})
2025-11-15 13:01:34,801:INFO:Checking exceptions
2025-11-15 13:01:34,801:INFO:Importing libraries
2025-11-15 13:01:34,801:INFO:Copying training dataset
2025-11-15 13:01:35,077:INFO:Defining folds
2025-11-15 13:01:35,077:INFO:Declaring metric variables
2025-11-15 13:01:35,080:INFO:Importing untrained model
2025-11-15 13:01:35,086:INFO:Orthogonal Matching Pursuit Imported successfully
2025-11-15 13:01:35,095:INFO:Starting cross validation
2025-11-15 13:01:35,096:INFO:Cross validating with TimeSeriesSplit(gap=0, max_train_size=None, n_splits=5, test_size=None), n_jobs=-1
2025-11-15 13:01:36,015:INFO:Calculating mean and std
2025-11-15 13:01:36,017:INFO:Creating metrics dataframe
2025-11-15 13:01:36,021:INFO:Uploading results into container
2025-11-15 13:01:36,022:INFO:Uploading model into container now
2025-11-15 13:01:36,023:INFO:_master_model_container: 7
2025-11-15 13:01:36,023:INFO:_display_container: 2
2025-11-15 13:01:36,024:INFO:OrthogonalMatchingPursuit()
2025-11-15 13:01:36,024:INFO:create_model() successfully completed......................................
2025-11-15 13:01:36,143:INFO:SubProcess create_model() end ==================================
2025-11-15 13:01:36,143:INFO:Creating metrics dataframe
2025-11-15 13:01:36,156:INFO:Initializing Bayesian Ridge
2025-11-15 13:01:36,157:INFO:Total runtime is 0.48707257509231566 minutes
2025-11-15 13:01:36,172:INFO:SubProcess create_model() called ==================================
2025-11-15 13:01:36,173:INFO:Initializing create_model()
2025-11-15 13:01:36,173:INFO:create_model(self=<pycaret.regression.oop.RegressionExperiment object at 0x00000269A9E7BC10>, estimator=br, fold=TimeSeriesSplit(gap=0, max_train_size=None, n_splits=5, test_size=None), round=4, cross_validation=True, predict=True, fit_kwargs={}, groups=None, refit=False, probability_threshold=None, experiment_custom_tags=None, verbose=False, system=False, add_to_model_list=True, metrics=None, display=<pycaret.internal.display.display.CommonDisplay object at 0x00000269C5DE2390>, model_only=True, return_train_score=False, error_score=0.0, kwargs={})
2025-11-15 13:01:36,173:INFO:Checking exceptions
2025-11-15 13:01:36,173:INFO:Importing libraries
2025-11-15 13:01:36,173:INFO:Copying training dataset
2025-11-15 13:01:36,471:INFO:Defining folds
2025-11-15 13:01:36,472:INFO:Declaring metric variables
2025-11-15 13:01:36,478:INFO:Importing untrained model
2025-11-15 13:01:36,483:INFO:Bayesian Ridge Imported successfully
2025-11-15 13:01:36,490:INFO:Starting cross validation
2025-11-15 13:01:36,492:INFO:Cross validating with TimeSeriesSplit(gap=0, max_train_size=None, n_splits=5, test_size=None), n_jobs=-1
2025-11-15 13:01:37,659:INFO:Calculating mean and std
2025-11-15 13:01:37,662:INFO:Creating metrics dataframe
2025-11-15 13:01:37,667:INFO:Uploading results into container
2025-11-15 13:01:37,669:INFO:Uploading model into container now
2025-11-15 13:01:37,670:INFO:_master_model_container: 8
2025-11-15 13:01:37,670:INFO:_display_container: 2
2025-11-15 13:01:37,671:INFO:BayesianRidge()
2025-11-15 13:01:37,672:INFO:create_model() successfully completed......................................
2025-11-15 13:01:37,776:INFO:SubProcess create_model() end ==================================
2025-11-15 13:01:37,777:INFO:Creating metrics dataframe
2025-11-15 13:01:37,786:INFO:Initializing Passive Aggressive Regressor
2025-11-15 13:01:37,786:INFO:Total runtime is 0.5142268697420755 minutes
2025-11-15 13:01:37,791:INFO:SubProcess create_model() called ==================================
2025-11-15 13:01:37,792:INFO:Initializing create_model()
2025-11-15 13:01:37,792:INFO:create_model(self=<pycaret.regression.oop.RegressionExperiment object at 0x00000269A9E7BC10>, estimator=par, fold=TimeSeriesSplit(gap=0, max_train_size=None, n_splits=5, test_size=None), round=4, cross_validation=True, predict=True, fit_kwargs={}, groups=None, refit=False, probability_threshold=None, experiment_custom_tags=None, verbose=False, system=False, add_to_model_list=True, metrics=None, display=<pycaret.internal.display.display.CommonDisplay object at 0x00000269C5DE2390>, model_only=True, return_train_score=False, error_score=0.0, kwargs={})
2025-11-15 13:01:37,792:INFO:Checking exceptions
2025-11-15 13:01:37,792:INFO:Importing libraries
2025-11-15 13:01:37,793:INFO:Copying training dataset
2025-11-15 13:01:38,049:INFO:Defining folds
2025-11-15 13:01:38,049:INFO:Declaring metric variables
2025-11-15 13:01:38,053:INFO:Importing untrained model
2025-11-15 13:01:38,060:INFO:Passive Aggressive Regressor Imported successfully
2025-11-15 13:01:38,066:INFO:Starting cross validation
2025-11-15 13:01:38,066:INFO:Cross validating with TimeSeriesSplit(gap=0, max_train_size=None, n_splits=5, test_size=None), n_jobs=-1
2025-11-15 13:01:39,997:INFO:Calculating mean and std
2025-11-15 13:01:39,999:INFO:Creating metrics dataframe
2025-11-15 13:01:40,004:INFO:Uploading results into container
2025-11-15 13:01:40,005:INFO:Uploading model into container now
2025-11-15 13:01:40,007:INFO:_master_model_container: 9
2025-11-15 13:01:40,007:INFO:_display_container: 2
2025-11-15 13:01:40,008:INFO:PassiveAggressiveRegressor(random_state=42)
2025-11-15 13:01:40,008:INFO:create_model() successfully completed......................................
2025-11-15 13:01:40,122:INFO:SubProcess create_model() end ==================================
2025-11-15 13:01:40,122:INFO:Creating metrics dataframe
2025-11-15 13:01:40,137:INFO:Initializing Huber Regressor
2025-11-15 13:01:40,137:INFO:Total runtime is 0.5534126838048299 minutes
2025-11-15 13:01:40,143:INFO:SubProcess create_model() called ==================================
2025-11-15 13:01:40,143:INFO:Initializing create_model()
2025-11-15 13:01:40,143:INFO:create_model(self=<pycaret.regression.oop.RegressionExperiment object at 0x00000269A9E7BC10>, estimator=huber, fold=TimeSeriesSplit(gap=0, max_train_size=None, n_splits=5, test_size=None), round=4, cross_validation=True, predict=True, fit_kwargs={}, groups=None, refit=False, probability_threshold=None, experiment_custom_tags=None, verbose=False, system=False, add_to_model_list=True, metrics=None, display=<pycaret.internal.display.display.CommonDisplay object at 0x00000269C5DE2390>, model_only=True, return_train_score=False, error_score=0.0, kwargs={})
2025-11-15 13:01:40,143:INFO:Checking exceptions
2025-11-15 13:01:40,143:INFO:Importing libraries
2025-11-15 13:01:40,143:INFO:Copying training dataset
2025-11-15 13:01:40,461:INFO:Defining folds
2025-11-15 13:01:40,462:INFO:Declaring metric variables
2025-11-15 13:01:40,467:INFO:Importing untrained model
2025-11-15 13:01:40,472:INFO:Huber Regressor Imported successfully
2025-11-15 13:01:40,479:INFO:Starting cross validation
2025-11-15 13:01:40,480:INFO:Cross validating with TimeSeriesSplit(gap=0, max_train_size=None, n_splits=5, test_size=None), n_jobs=-1
2025-11-15 13:01:41,771:WARNING:C:\Users\sande\AppData\Roaming\Python\Python311\site-packages\sklearn\linear_model\_huber.py:342: ConvergenceWarning: lbfgs failed to converge (status=1):
STOP: TOTAL NO. of ITERATIONS REACHED LIMIT.

Increase the number of iterations (max_iter) or scale the data as shown in:
    https://scikit-learn.org/stable/modules/preprocessing.html
  self.n_iter_ = _check_optimize_result("lbfgs", opt_res, self.max_iter)

2025-11-15 13:01:43,020:WARNING:C:\Users\sande\AppData\Roaming\Python\Python311\site-packages\sklearn\linear_model\_huber.py:342: ConvergenceWarning: lbfgs failed to converge (status=1):
STOP: TOTAL NO. of ITERATIONS REACHED LIMIT.

Increase the number of iterations (max_iter) or scale the data as shown in:
    https://scikit-learn.org/stable/modules/preprocessing.html
  self.n_iter_ = _check_optimize_result("lbfgs", opt_res, self.max_iter)

2025-11-15 13:01:44,148:WARNING:C:\Users\sande\AppData\Roaming\Python\Python311\site-packages\sklearn\linear_model\_huber.py:342: ConvergenceWarning: lbfgs failed to converge (status=1):
STOP: TOTAL NO. of ITERATIONS REACHED LIMIT.

Increase the number of iterations (max_iter) or scale the data as shown in:
    https://scikit-learn.org/stable/modules/preprocessing.html
  self.n_iter_ = _check_optimize_result("lbfgs", opt_res, self.max_iter)

2025-11-15 13:01:44,890:WARNING:C:\Users\sande\AppData\Roaming\Python\Python311\site-packages\sklearn\linear_model\_huber.py:342: ConvergenceWarning: lbfgs failed to converge (status=1):
STOP: TOTAL NO. of ITERATIONS REACHED LIMIT.

Increase the number of iterations (max_iter) or scale the data as shown in:
    https://scikit-learn.org/stable/modules/preprocessing.html
  self.n_iter_ = _check_optimize_result("lbfgs", opt_res, self.max_iter)

2025-11-15 13:01:45,930:WARNING:C:\Users\sande\AppData\Roaming\Python\Python311\site-packages\sklearn\linear_model\_huber.py:342: ConvergenceWarning: lbfgs failed to converge (status=1):
STOP: TOTAL NO. of ITERATIONS REACHED LIMIT.

Increase the number of iterations (max_iter) or scale the data as shown in:
    https://scikit-learn.org/stable/modules/preprocessing.html
  self.n_iter_ = _check_optimize_result("lbfgs", opt_res, self.max_iter)

2025-11-15 13:01:46,070:INFO:Calculating mean and std
2025-11-15 13:01:46,072:INFO:Creating metrics dataframe
2025-11-15 13:01:46,081:INFO:Uploading results into container
2025-11-15 13:01:46,083:INFO:Uploading model into container now
2025-11-15 13:01:46,084:INFO:_master_model_container: 10
2025-11-15 13:01:46,084:INFO:_display_container: 2
2025-11-15 13:01:46,085:INFO:HuberRegressor()
2025-11-15 13:01:46,085:INFO:create_model() successfully completed......................................
2025-11-15 13:01:46,203:INFO:SubProcess create_model() end ==================================
2025-11-15 13:01:46,203:INFO:Creating metrics dataframe
2025-11-15 13:01:46,216:INFO:Initializing K Neighbors Regressor
2025-11-15 13:01:46,216:INFO:Total runtime is 0.6547233462333679 minutes
2025-11-15 13:01:46,218:INFO:SubProcess create_model() called ==================================
2025-11-15 13:01:46,219:INFO:Initializing create_model()
2025-11-15 13:01:46,219:INFO:create_model(self=<pycaret.regression.oop.RegressionExperiment object at 0x00000269A9E7BC10>, estimator=knn, fold=TimeSeriesSplit(gap=0, max_train_size=None, n_splits=5, test_size=None), round=4, cross_validation=True, predict=True, fit_kwargs={}, groups=None, refit=False, probability_threshold=None, experiment_custom_tags=None, verbose=False, system=False, add_to_model_list=True, metrics=None, display=<pycaret.internal.display.display.CommonDisplay object at 0x00000269C5DE2390>, model_only=True, return_train_score=False, error_score=0.0, kwargs={})
2025-11-15 13:01:46,219:INFO:Checking exceptions
2025-11-15 13:01:46,219:INFO:Importing libraries
2025-11-15 13:01:46,219:INFO:Copying training dataset
2025-11-15 13:01:46,487:INFO:Defining folds
2025-11-15 13:01:46,488:INFO:Declaring metric variables
2025-11-15 13:01:46,493:INFO:Importing untrained model
2025-11-15 13:01:46,498:INFO:K Neighbors Regressor Imported successfully
2025-11-15 13:01:46,505:INFO:Starting cross validation
2025-11-15 13:01:46,507:INFO:Cross validating with TimeSeriesSplit(gap=0, max_train_size=None, n_splits=5, test_size=None), n_jobs=-1
2025-11-15 13:02:09,502:INFO:Calculating mean and std
2025-11-15 13:02:09,505:INFO:Creating metrics dataframe
2025-11-15 13:02:09,514:INFO:Uploading results into container
2025-11-15 13:02:09,516:INFO:Uploading model into container now
2025-11-15 13:02:09,519:INFO:_master_model_container: 11
2025-11-15 13:02:09,519:INFO:_display_container: 2
2025-11-15 13:02:09,519:INFO:KNeighborsRegressor(n_jobs=-1)
2025-11-15 13:02:09,520:INFO:create_model() successfully completed......................................
2025-11-15 13:02:09,646:INFO:SubProcess create_model() end ==================================
2025-11-15 13:02:09,646:INFO:Creating metrics dataframe
2025-11-15 13:02:09,663:INFO:Initializing Decision Tree Regressor
2025-11-15 13:02:09,664:INFO:Total runtime is 1.0455321033795675 minutes
2025-11-15 13:02:09,670:INFO:SubProcess create_model() called ==================================
2025-11-15 13:02:09,671:INFO:Initializing create_model()
2025-11-15 13:02:09,671:INFO:create_model(self=<pycaret.regression.oop.RegressionExperiment object at 0x00000269A9E7BC10>, estimator=dt, fold=TimeSeriesSplit(gap=0, max_train_size=None, n_splits=5, test_size=None), round=4, cross_validation=True, predict=True, fit_kwargs={}, groups=None, refit=False, probability_threshold=None, experiment_custom_tags=None, verbose=False, system=False, add_to_model_list=True, metrics=None, display=<pycaret.internal.display.display.CommonDisplay object at 0x00000269C5DE2390>, model_only=True, return_train_score=False, error_score=0.0, kwargs={})
2025-11-15 13:02:09,671:INFO:Checking exceptions
2025-11-15 13:02:09,671:INFO:Importing libraries
2025-11-15 13:02:09,672:INFO:Copying training dataset
2025-11-15 13:02:09,959:INFO:Defining folds
2025-11-15 13:02:09,960:INFO:Declaring metric variables
2025-11-15 13:02:09,966:INFO:Importing untrained model
2025-11-15 13:02:09,970:INFO:Decision Tree Regressor Imported successfully
2025-11-15 13:02:09,979:INFO:Starting cross validation
2025-11-15 13:02:09,982:INFO:Cross validating with TimeSeriesSplit(gap=0, max_train_size=None, n_splits=5, test_size=None), n_jobs=-1
2025-11-15 13:02:17,174:INFO:Calculating mean and std
2025-11-15 13:02:17,176:INFO:Creating metrics dataframe
2025-11-15 13:02:17,178:INFO:Uploading results into container
2025-11-15 13:02:17,179:INFO:Uploading model into container now
2025-11-15 13:02:17,180:INFO:_master_model_container: 12
2025-11-15 13:02:17,180:INFO:_display_container: 2
2025-11-15 13:02:17,181:INFO:DecisionTreeRegressor(random_state=42)
2025-11-15 13:02:17,181:INFO:create_model() successfully completed......................................
2025-11-15 13:02:17,284:INFO:SubProcess create_model() end ==================================
2025-11-15 13:02:17,284:INFO:Creating metrics dataframe
2025-11-15 13:02:17,294:INFO:Initializing Random Forest Regressor
2025-11-15 13:02:17,294:INFO:Total runtime is 1.172690788904826 minutes
2025-11-15 13:02:17,298:INFO:SubProcess create_model() called ==================================
2025-11-15 13:02:17,299:INFO:Initializing create_model()
2025-11-15 13:02:17,299:INFO:create_model(self=<pycaret.regression.oop.RegressionExperiment object at 0x00000269A9E7BC10>, estimator=rf, fold=TimeSeriesSplit(gap=0, max_train_size=None, n_splits=5, test_size=None), round=4, cross_validation=True, predict=True, fit_kwargs={}, groups=None, refit=False, probability_threshold=None, experiment_custom_tags=None, verbose=False, system=False, add_to_model_list=True, metrics=None, display=<pycaret.internal.display.display.CommonDisplay object at 0x00000269C5DE2390>, model_only=True, return_train_score=False, error_score=0.0, kwargs={})
2025-11-15 13:02:17,299:INFO:Checking exceptions
2025-11-15 13:02:17,299:INFO:Importing libraries
2025-11-15 13:02:17,299:INFO:Copying training dataset
2025-11-15 13:02:17,622:INFO:Defining folds
2025-11-15 13:02:17,623:INFO:Declaring metric variables
2025-11-15 13:02:17,627:INFO:Importing untrained model
2025-11-15 13:02:17,634:INFO:Random Forest Regressor Imported successfully
2025-11-15 13:02:17,640:INFO:Starting cross validation
2025-11-15 13:02:17,642:INFO:Cross validating with TimeSeriesSplit(gap=0, max_train_size=None, n_splits=5, test_size=None), n_jobs=-1
2025-11-15 13:08:30,573:INFO:Calculating mean and std
2025-11-15 13:08:30,575:INFO:Creating metrics dataframe
2025-11-15 13:08:30,577:INFO:Uploading results into container
2025-11-15 13:08:30,578:INFO:Uploading model into container now
2025-11-15 13:08:30,579:INFO:_master_model_container: 13
2025-11-15 13:08:30,579:INFO:_display_container: 2
2025-11-15 13:08:30,580:INFO:RandomForestRegressor(n_jobs=-1, random_state=42)
2025-11-15 13:08:30,580:INFO:create_model() successfully completed......................................
2025-11-15 13:08:30,710:INFO:SubProcess create_model() end ==================================
2025-11-15 13:08:30,710:INFO:Creating metrics dataframe
2025-11-15 13:08:30,721:INFO:Initializing Extra Trees Regressor
2025-11-15 13:08:30,722:INFO:Total runtime is 7.396483771006267 minutes
2025-11-15 13:08:30,726:INFO:SubProcess create_model() called ==================================
2025-11-15 13:08:30,726:INFO:Initializing create_model()
2025-11-15 13:08:30,728:INFO:create_model(self=<pycaret.regression.oop.RegressionExperiment object at 0x00000269A9E7BC10>, estimator=et, fold=TimeSeriesSplit(gap=0, max_train_size=None, n_splits=5, test_size=None), round=4, cross_validation=True, predict=True, fit_kwargs={}, groups=None, refit=False, probability_threshold=None, experiment_custom_tags=None, verbose=False, system=False, add_to_model_list=True, metrics=None, display=<pycaret.internal.display.display.CommonDisplay object at 0x00000269C5DE2390>, model_only=True, return_train_score=False, error_score=0.0, kwargs={})
2025-11-15 13:08:30,728:INFO:Checking exceptions
2025-11-15 13:08:30,728:INFO:Importing libraries
2025-11-15 13:08:30,728:INFO:Copying training dataset
2025-11-15 13:08:31,023:INFO:Defining folds
2025-11-15 13:08:31,023:INFO:Declaring metric variables
2025-11-15 13:08:31,028:INFO:Importing untrained model
2025-11-15 13:08:31,033:INFO:Extra Trees Regressor Imported successfully
2025-11-15 13:08:31,042:INFO:Starting cross validation
2025-11-15 13:08:31,043:INFO:Cross validating with TimeSeriesSplit(gap=0, max_train_size=None, n_splits=5, test_size=None), n_jobs=-1
2025-11-15 13:09:43,165:INFO:Calculating mean and std
2025-11-15 13:09:43,170:INFO:Creating metrics dataframe
2025-11-15 13:09:43,179:INFO:Uploading results into container
2025-11-15 13:09:43,181:INFO:Uploading model into container now
2025-11-15 13:09:43,183:INFO:_master_model_container: 14
2025-11-15 13:09:43,183:INFO:_display_container: 2
2025-11-15 13:09:43,184:INFO:ExtraTreesRegressor(n_jobs=-1, random_state=42)
2025-11-15 13:09:43,185:INFO:create_model() successfully completed......................................
2025-11-15 13:09:43,419:INFO:SubProcess create_model() end ==================================
2025-11-15 13:09:43,419:INFO:Creating metrics dataframe
2025-11-15 13:09:43,456:INFO:Initializing AdaBoost Regressor
2025-11-15 13:09:43,456:INFO:Total runtime is 8.608728766441345 minutes
2025-11-15 13:09:43,469:INFO:SubProcess create_model() called ==================================
2025-11-15 13:09:43,470:INFO:Initializing create_model()
2025-11-15 13:09:43,471:INFO:create_model(self=<pycaret.regression.oop.RegressionExperiment object at 0x00000269A9E7BC10>, estimator=ada, fold=TimeSeriesSplit(gap=0, max_train_size=None, n_splits=5, test_size=None), round=4, cross_validation=True, predict=True, fit_kwargs={}, groups=None, refit=False, probability_threshold=None, experiment_custom_tags=None, verbose=False, system=False, add_to_model_list=True, metrics=None, display=<pycaret.internal.display.display.CommonDisplay object at 0x00000269C5DE2390>, model_only=True, return_train_score=False, error_score=0.0, kwargs={})
2025-11-15 13:09:43,471:INFO:Checking exceptions
2025-11-15 13:09:43,471:INFO:Importing libraries
2025-11-15 13:09:43,472:INFO:Copying training dataset
2025-11-15 13:09:44,309:INFO:Defining folds
2025-11-15 13:09:44,310:INFO:Declaring metric variables
2025-11-15 13:09:44,328:INFO:Importing untrained model
2025-11-15 13:09:44,341:INFO:AdaBoost Regressor Imported successfully
2025-11-15 13:09:44,371:INFO:Starting cross validation
2025-11-15 13:09:44,373:INFO:Cross validating with TimeSeriesSplit(gap=0, max_train_size=None, n_splits=5, test_size=None), n_jobs=-1
2025-11-15 13:12:01,321:INFO:Calculating mean and std
2025-11-15 13:12:01,328:INFO:Creating metrics dataframe
2025-11-15 13:12:01,337:INFO:Uploading results into container
2025-11-15 13:12:01,339:INFO:Uploading model into container now
2025-11-15 13:12:01,340:INFO:_master_model_container: 15
2025-11-15 13:12:01,341:INFO:_display_container: 2
2025-11-15 13:12:01,342:INFO:AdaBoostRegressor(random_state=42)
2025-11-15 13:12:01,342:INFO:create_model() successfully completed......................................
2025-11-15 13:12:01,566:INFO:SubProcess create_model() end ==================================
2025-11-15 13:12:01,567:INFO:Creating metrics dataframe
2025-11-15 13:12:01,600:INFO:Initializing Gradient Boosting Regressor
2025-11-15 13:12:01,601:INFO:Total runtime is 10.911151186625162 minutes
2025-11-15 13:12:01,614:INFO:SubProcess create_model() called ==================================
2025-11-15 13:12:01,614:INFO:Initializing create_model()
2025-11-15 13:12:01,616:INFO:create_model(self=<pycaret.regression.oop.RegressionExperiment object at 0x00000269A9E7BC10>, estimator=gbr, fold=TimeSeriesSplit(gap=0, max_train_size=None, n_splits=5, test_size=None), round=4, cross_validation=True, predict=True, fit_kwargs={}, groups=None, refit=False, probability_threshold=None, experiment_custom_tags=None, verbose=False, system=False, add_to_model_list=True, metrics=None, display=<pycaret.internal.display.display.CommonDisplay object at 0x00000269C5DE2390>, model_only=True, return_train_score=False, error_score=0.0, kwargs={})
2025-11-15 13:12:01,616:INFO:Checking exceptions
2025-11-15 13:12:01,617:INFO:Importing libraries
2025-11-15 13:12:01,617:INFO:Copying training dataset
2025-11-15 13:12:02,427:INFO:Defining folds
2025-11-15 13:12:02,427:INFO:Declaring metric variables
2025-11-15 13:12:02,445:INFO:Importing untrained model
2025-11-15 13:12:02,462:INFO:Gradient Boosting Regressor Imported successfully
2025-11-15 13:12:02,487:INFO:Starting cross validation
2025-11-15 13:12:02,491:INFO:Cross validating with TimeSeriesSplit(gap=0, max_train_size=None, n_splits=5, test_size=None), n_jobs=-1
2025-11-15 13:17:47,102:INFO:Calculating mean and std
2025-11-15 13:17:47,106:INFO:Creating metrics dataframe
2025-11-15 13:17:47,111:INFO:Uploading results into container
2025-11-15 13:17:47,112:INFO:Uploading model into container now
2025-11-15 13:17:47,113:INFO:_master_model_container: 16
2025-11-15 13:17:47,114:INFO:_display_container: 2
2025-11-15 13:17:47,115:INFO:GradientBoostingRegressor(random_state=42)
2025-11-15 13:17:47,115:INFO:create_model() successfully completed......................................
2025-11-15 13:17:47,277:INFO:SubProcess create_model() end ==================================
2025-11-15 13:17:47,277:INFO:Creating metrics dataframe
2025-11-15 13:17:47,290:INFO:Initializing Light Gradient Boosting Machine
2025-11-15 13:17:47,291:INFO:Total runtime is 16.67264542977015 minutes
2025-11-15 13:17:47,296:INFO:SubProcess create_model() called ==================================
2025-11-15 13:17:47,296:INFO:Initializing create_model()
2025-11-15 13:17:47,296:INFO:create_model(self=<pycaret.regression.oop.RegressionExperiment object at 0x00000269A9E7BC10>, estimator=lightgbm, fold=TimeSeriesSplit(gap=0, max_train_size=None, n_splits=5, test_size=None), round=4, cross_validation=True, predict=True, fit_kwargs={}, groups=None, refit=False, probability_threshold=None, experiment_custom_tags=None, verbose=False, system=False, add_to_model_list=True, metrics=None, display=<pycaret.internal.display.display.CommonDisplay object at 0x00000269C5DE2390>, model_only=True, return_train_score=False, error_score=0.0, kwargs={})
2025-11-15 13:17:47,296:INFO:Checking exceptions
2025-11-15 13:17:47,296:INFO:Importing libraries
2025-11-15 13:17:47,296:INFO:Copying training dataset
2025-11-15 13:17:47,583:INFO:Defining folds
2025-11-15 13:17:47,583:INFO:Declaring metric variables
2025-11-15 13:17:47,591:INFO:Importing untrained model
2025-11-15 13:17:47,596:INFO:Light Gradient Boosting Machine Imported successfully
2025-11-15 13:17:47,604:INFO:Starting cross validation
2025-11-15 13:17:47,608:INFO:Cross validating with TimeSeriesSplit(gap=0, max_train_size=None, n_splits=5, test_size=None), n_jobs=-1
2025-11-15 13:17:52,241:INFO:Calculating mean and std
2025-11-15 13:17:52,242:INFO:Creating metrics dataframe
2025-11-15 13:17:52,245:INFO:Uploading results into container
2025-11-15 13:17:52,246:INFO:Uploading model into container now
2025-11-15 13:17:52,246:INFO:_master_model_container: 17
2025-11-15 13:17:52,246:INFO:_display_container: 2
2025-11-15 13:17:52,248:INFO:LGBMRegressor(n_jobs=-1, random_state=42)
2025-11-15 13:17:52,248:INFO:create_model() successfully completed......................................
2025-11-15 13:17:52,375:INFO:SubProcess create_model() end ==================================
2025-11-15 13:17:52,376:INFO:Creating metrics dataframe
2025-11-15 13:17:52,406:INFO:Initializing Dummy Regressor
2025-11-15 13:17:52,407:INFO:Total runtime is 16.75791524251302 minutes
2025-11-15 13:17:52,417:INFO:SubProcess create_model() called ==================================
2025-11-15 13:17:52,417:INFO:Initializing create_model()
2025-11-15 13:17:52,418:INFO:create_model(self=<pycaret.regression.oop.RegressionExperiment object at 0x00000269A9E7BC10>, estimator=dummy, fold=TimeSeriesSplit(gap=0, max_train_size=None, n_splits=5, test_size=None), round=4, cross_validation=True, predict=True, fit_kwargs={}, groups=None, refit=False, probability_threshold=None, experiment_custom_tags=None, verbose=False, system=False, add_to_model_list=True, metrics=None, display=<pycaret.internal.display.display.CommonDisplay object at 0x00000269C5DE2390>, model_only=True, return_train_score=False, error_score=0.0, kwargs={})
2025-11-15 13:17:52,418:INFO:Checking exceptions
2025-11-15 13:17:52,418:INFO:Importing libraries
2025-11-15 13:17:52,418:INFO:Copying training dataset
2025-11-15 13:17:52,728:INFO:Defining folds
2025-11-15 13:17:52,729:INFO:Declaring metric variables
2025-11-15 13:17:52,732:INFO:Importing untrained model
2025-11-15 13:17:52,737:INFO:Dummy Regressor Imported successfully
2025-11-15 13:17:52,746:INFO:Starting cross validation
2025-11-15 13:17:52,747:INFO:Cross validating with TimeSeriesSplit(gap=0, max_train_size=None, n_splits=5, test_size=None), n_jobs=-1
2025-11-15 13:17:57,378:INFO:Calculating mean and std
2025-11-15 13:17:57,381:INFO:Creating metrics dataframe
2025-11-15 13:17:57,384:INFO:Uploading results into container
2025-11-15 13:17:57,386:INFO:Uploading model into container now
2025-11-15 13:17:57,387:INFO:_master_model_container: 18
2025-11-15 13:17:57,387:INFO:_display_container: 2
2025-11-15 13:17:57,388:INFO:DummyRegressor()
2025-11-15 13:17:57,390:INFO:create_model() successfully completed......................................
2025-11-15 13:17:57,541:INFO:SubProcess create_model() end ==================================
2025-11-15 13:17:57,541:INFO:Creating metrics dataframe
2025-11-15 13:17:57,559:WARNING:C:\Users\sande\AppData\Roaming\Python\Python311\site-packages\pycaret\internal\pycaret_experiment\supervised_experiment.py:339: FutureWarning: Styler.applymap has been deprecated. Use Styler.map instead.
  .applymap(highlight_cols, subset=["TT (Sec)"])

2025-11-15 13:17:57,568:INFO:Initializing create_model()
2025-11-15 13:17:57,569:INFO:create_model(self=<pycaret.regression.oop.RegressionExperiment object at 0x00000269A9E7BC10>, estimator=ExtraTreesRegressor(n_jobs=-1, random_state=42), fold=TimeSeriesSplit(gap=0, max_train_size=None, n_splits=5, test_size=None), round=4, cross_validation=False, predict=False, fit_kwargs={}, groups=None, refit=True, probability_threshold=None, experiment_custom_tags=None, verbose=False, system=False, add_to_model_list=True, metrics=None, display=None, model_only=True, return_train_score=False, error_score=0.0, kwargs={})
2025-11-15 13:17:57,569:INFO:Checking exceptions
2025-11-15 13:17:57,571:INFO:Importing libraries
2025-11-15 13:17:57,571:INFO:Copying training dataset
2025-11-15 13:17:57,874:INFO:Defining folds
2025-11-15 13:17:57,874:INFO:Declaring metric variables
2025-11-15 13:17:57,874:INFO:Importing untrained model
2025-11-15 13:17:57,874:INFO:Declaring custom model
2025-11-15 13:17:57,875:INFO:Extra Trees Regressor Imported successfully
2025-11-15 13:17:57,876:INFO:Cross validation set to False
2025-11-15 13:17:57,876:INFO:Fitting Model
2025-11-15 13:18:30,336:INFO:ExtraTreesRegressor(n_jobs=-1, random_state=42)
2025-11-15 13:18:30,337:INFO:create_model() successfully completed......................................
2025-11-15 13:18:30,462:INFO:Initializing create_model()
2025-11-15 13:18:30,463:INFO:create_model(self=<pycaret.regression.oop.RegressionExperiment object at 0x00000269A9E7BC10>, estimator=RandomForestRegressor(n_jobs=-1, random_state=42), fold=TimeSeriesSplit(gap=0, max_train_size=None, n_splits=5, test_size=None), round=4, cross_validation=False, predict=False, fit_kwargs={}, groups=None, refit=True, probability_threshold=None, experiment_custom_tags=None, verbose=False, system=False, add_to_model_list=True, metrics=None, display=None, model_only=True, return_train_score=False, error_score=0.0, kwargs={})
2025-11-15 13:18:30,463:INFO:Checking exceptions
2025-11-15 13:18:30,466:INFO:Importing libraries
2025-11-15 13:18:30,466:INFO:Copying training dataset
2025-11-15 13:18:30,714:INFO:Defining folds
2025-11-15 13:18:30,714:INFO:Declaring metric variables
2025-11-15 13:18:30,714:INFO:Importing untrained model
2025-11-15 13:18:30,714:INFO:Declaring custom model
2025-11-15 13:18:30,715:INFO:Random Forest Regressor Imported successfully
2025-11-15 13:18:30,716:INFO:Cross validation set to False
2025-11-15 13:18:30,716:INFO:Fitting Model
2025-11-15 13:20:25,058:INFO:RandomForestRegressor(n_jobs=-1, random_state=42)
2025-11-15 13:20:25,058:INFO:create_model() successfully completed......................................
2025-11-15 13:20:25,169:INFO:Initializing create_model()
2025-11-15 13:20:25,169:INFO:create_model(self=<pycaret.regression.oop.RegressionExperiment object at 0x00000269A9E7BC10>, estimator=LGBMRegressor(n_jobs=-1, random_state=42), fold=TimeSeriesSplit(gap=0, max_train_size=None, n_splits=5, test_size=None), round=4, cross_validation=False, predict=False, fit_kwargs={}, groups=None, refit=True, probability_threshold=None, experiment_custom_tags=None, verbose=False, system=False, add_to_model_list=True, metrics=None, display=None, model_only=True, return_train_score=False, error_score=0.0, kwargs={})
2025-11-15 13:20:25,169:INFO:Checking exceptions
2025-11-15 13:20:25,172:INFO:Importing libraries
2025-11-15 13:20:25,172:INFO:Copying training dataset
2025-11-15 13:20:25,438:INFO:Defining folds
2025-11-15 13:20:25,439:INFO:Declaring metric variables
2025-11-15 13:20:25,439:INFO:Importing untrained model
2025-11-15 13:20:25,439:INFO:Declaring custom model
2025-11-15 13:20:25,440:INFO:Light Gradient Boosting Machine Imported successfully
2025-11-15 13:20:25,441:INFO:Cross validation set to False
2025-11-15 13:20:25,441:INFO:Fitting Model
2025-11-15 13:20:25,902:INFO:[LightGBM] [Info] Auto-choosing col-wise multi-threading, the overhead of testing was 0.016614 seconds.
2025-11-15 13:20:25,902:INFO:You can set `force_col_wise=true` to remove the overhead.
2025-11-15 13:20:25,902:INFO:[LightGBM] [Info] Total Bins 5826
2025-11-15 13:20:25,903:INFO:[LightGBM] [Info] Number of data points in the train set: 164315, number of used features: 27
2025-11-15 13:20:25,904:INFO:[LightGBM] [Info] Start training from score 33803.593719
2025-11-15 13:20:26,984:INFO:LGBMRegressor(n_jobs=-1, random_state=42)
2025-11-15 13:20:26,984:INFO:create_model() successfully completed......................................
2025-11-15 13:20:27,137:INFO:_master_model_container: 18
2025-11-15 13:20:27,138:INFO:_display_container: 2
2025-11-15 13:20:27,141:INFO:[ExtraTreesRegressor(n_jobs=-1, random_state=42), RandomForestRegressor(n_jobs=-1, random_state=42), LGBMRegressor(n_jobs=-1, random_state=42)]
2025-11-15 13:20:27,141:INFO:compare_models() successfully completed......................................
2025-11-15 13:20:27,143:INFO:Initializing tune_model()
2025-11-15 13:20:27,143:INFO:tune_model(self=<pycaret.regression.oop.RegressionExperiment object at 0x00000269A9E7BC10>, estimator=ExtraTreesRegressor(n_jobs=-1, random_state=42), fold=None, round=4, n_iter=10, custom_grid=None, optimize=R2, custom_scorer=None, search_library=scikit-learn, search_algorithm=None, early_stopping=False, early_stopping_max_iters=10, choose_better=True, fit_kwargs=None, groups=None, return_tuner=False, verbose=True, tuner_verbose=True, return_train_score=False, kwargs={})
2025-11-15 13:20:27,143:INFO:Checking exceptions
2025-11-15 13:20:27,300:INFO:Copying training dataset
2025-11-15 13:20:27,524:INFO:Checking base model
2025-11-15 13:20:27,524:INFO:Base model : Extra Trees Regressor
2025-11-15 13:20:27,529:INFO:Declaring metric variables
2025-11-15 13:20:27,534:INFO:Defining Hyperparameters
2025-11-15 13:20:27,641:INFO:Tuning with n_jobs=-1
2025-11-15 13:20:27,641:INFO:Initializing RandomizedSearchCV
2025-11-15 13:49:41,596:WARNING:C:\Users\sande\AppData\Roaming\Python\Python311\site-packages\sklearn\metrics\_regression.py:483: FutureWarning: 'squared' is deprecated in version 1.4 and will be removed in 1.6. To calculate the root mean squared error, use the function'root_mean_squared_error'.
  warnings.warn(

2025-11-15 17:24:54,296:WARNING:C:\Users\sande\AppData\Roaming\Python\Python311\site-packages\sklearn\metrics\_regression.py:483: FutureWarning: 'squared' is deprecated in version 1.4 and will be removed in 1.6. To calculate the root mean squared error, use the function'root_mean_squared_error'.
  warnings.warn(

2025-11-15 17:39:59,192:WARNING:C:\Users\sande\AppData\Roaming\Python\Python311\site-packages\sklearn\metrics\_regression.py:483: FutureWarning: 'squared' is deprecated in version 1.4 and will be removed in 1.6. To calculate the root mean squared error, use the function'root_mean_squared_error'.
  warnings.warn(

2025-11-15 17:39:59,576:WARNING:C:\Users\sande\AppData\Roaming\Python\Python311\site-packages\sklearn\metrics\_regression.py:483: FutureWarning: 'squared' is deprecated in version 1.4 and will be removed in 1.6. To calculate the root mean squared error, use the function'root_mean_squared_error'.
  warnings.warn(

2025-11-16 15:06:37,469:WARNING:C:\Users\sande\AppData\Local\Temp\ipykernel_31004\3351357216.py:35: MatplotlibDeprecationWarning: The seaborn styles shipped by Matplotlib are deprecated since 3.6, as they no longer correspond to the styles shipped by seaborn. However, they will remain available as 'seaborn-v0_8-<style>'. Alternatively, directly use the seaborn API instead.
  plt.style.use('seaborn-darkgrid')

2025-11-16 15:52:32,799:WARNING:C:\Users\sande\AppData\Roaming\Python\Python311\site-packages\sklearn\metrics\_regression.py:483: FutureWarning: 'squared' is deprecated in version 1.4 and will be removed in 1.6. To calculate the root mean squared error, use the function'root_mean_squared_error'.
  warnings.warn(

2025-11-16 15:52:32,886:WARNING:C:\Users\sande\AppData\Roaming\Python\Python311\site-packages\sklearn\metrics\_regression.py:483: FutureWarning: 'squared' is deprecated in version 1.4 and will be removed in 1.6. To calculate the root mean squared error, use the function'root_mean_squared_error'.
  warnings.warn(

2025-11-16 15:58:54,411:WARNING:C:\Users\sande\AppData\Roaming\Python\Python311\site-packages\sklearn\metrics\_regression.py:483: FutureWarning: 'squared' is deprecated in version 1.4 and will be removed in 1.6. To calculate the root mean squared error, use the function'root_mean_squared_error'.
  warnings.warn(

2025-11-16 15:58:54,512:WARNING:C:\Users\sande\AppData\Roaming\Python\Python311\site-packages\sklearn\metrics\_regression.py:483: FutureWarning: 'squared' is deprecated in version 1.4 and will be removed in 1.6. To calculate the root mean squared error, use the function'root_mean_squared_error'.
  warnings.warn(

2025-11-16 15:59:47,009:WARNING:C:\Users\sande\AppData\Roaming\Python\Python311\site-packages\sklearn\metrics\_regression.py:483: FutureWarning: 'squared' is deprecated in version 1.4 and will be removed in 1.6. To calculate the root mean squared error, use the function'root_mean_squared_error'.
  warnings.warn(

2025-11-16 15:59:47,088:WARNING:C:\Users\sande\AppData\Roaming\Python\Python311\site-packages\sklearn\metrics\_regression.py:483: FutureWarning: 'squared' is deprecated in version 1.4 and will be removed in 1.6. To calculate the root mean squared error, use the function'root_mean_squared_error'.
  warnings.warn(

2025-11-16 16:22:00,060:WARNING:C:\Users\sande\AppData\Roaming\Python\Python311\site-packages\sklearn\metrics\_regression.py:483: FutureWarning: 'squared' is deprecated in version 1.4 and will be removed in 1.6. To calculate the root mean squared error, use the function'root_mean_squared_error'.
  warnings.warn(

2025-11-16 16:22:00,064:WARNING:C:\Users\sande\AppData\Roaming\Python\Python311\site-packages\sklearn\metrics\_regression.py:483: FutureWarning: 'squared' is deprecated in version 1.4 and will be removed in 1.6. To calculate the root mean squared error, use the function'root_mean_squared_error'.
  warnings.warn(

2025-11-16 16:31:13,326:WARNING:C:\Users\sande\AppData\Roaming\Python\Python311\site-packages\sklearn\metrics\_regression.py:483: FutureWarning: 'squared' is deprecated in version 1.4 and will be removed in 1.6. To calculate the root mean squared error, use the function'root_mean_squared_error'.
  warnings.warn(

2025-11-16 16:31:13,329:WARNING:C:\Users\sande\AppData\Roaming\Python\Python311\site-packages\sklearn\metrics\_regression.py:483: FutureWarning: 'squared' is deprecated in version 1.4 and will be removed in 1.6. To calculate the root mean squared error, use the function'root_mean_squared_error'.
  warnings.warn(

2025-11-16 16:33:46,352:WARNING:C:\Users\sande\AppData\Local\Temp\ipykernel_31004\2879815664.py:44: MatplotlibDeprecationWarning: The seaborn styles shipped by Matplotlib are deprecated since 3.6, as they no longer correspond to the styles shipped by seaborn. However, they will remain available as 'seaborn-v0_8-<style>'. Alternatively, directly use the seaborn API instead.
  plt.style.use('seaborn-darkgrid')

2025-11-16 16:34:07,979:WARNING:C:\Users\sande\AppData\Roaming\Python\Python311\site-packages\sklearn\metrics\_regression.py:483: FutureWarning: 'squared' is deprecated in version 1.4 and will be removed in 1.6. To calculate the root mean squared error, use the function'root_mean_squared_error'.
  warnings.warn(

2025-11-16 16:34:07,981:WARNING:C:\Users\sande\AppData\Roaming\Python\Python311\site-packages\sklearn\metrics\_regression.py:483: FutureWarning: 'squared' is deprecated in version 1.4 and will be removed in 1.6. To calculate the root mean squared error, use the function'root_mean_squared_error'.
  warnings.warn(

2025-11-16 16:34:18,786:WARNING:C:\Users\sande\AppData\Local\Temp\ipykernel_31004\2879815664.py:44: MatplotlibDeprecationWarning: The seaborn styles shipped by Matplotlib are deprecated since 3.6, as they no longer correspond to the styles shipped by seaborn. However, they will remain available as 'seaborn-v0_8-<style>'. Alternatively, directly use the seaborn API instead.
  plt.style.use('seaborn-darkgrid')

2025-11-16 16:37:53,590:WARNING:C:\Users\sande\AppData\Roaming\Python\Python311\site-packages\sklearn\metrics\_regression.py:483: FutureWarning: 'squared' is deprecated in version 1.4 and will be removed in 1.6. To calculate the root mean squared error, use the function'root_mean_squared_error'.
  warnings.warn(

2025-11-16 16:37:53,594:WARNING:C:\Users\sande\AppData\Roaming\Python\Python311\site-packages\sklearn\metrics\_regression.py:483: FutureWarning: 'squared' is deprecated in version 1.4 and will be removed in 1.6. To calculate the root mean squared error, use the function'root_mean_squared_error'.
  warnings.warn(

2025-11-16 16:38:07,813:WARNING:C:\Users\sande\AppData\Local\Temp\ipykernel_31004\2879815664.py:44: MatplotlibDeprecationWarning: The seaborn styles shipped by Matplotlib are deprecated since 3.6, as they no longer correspond to the styles shipped by seaborn. However, they will remain available as 'seaborn-v0_8-<style>'. Alternatively, directly use the seaborn API instead.
  plt.style.use('seaborn-darkgrid')

2025-11-16 16:39:19,119:WARNING:C:\Users\sande\AppData\Roaming\Python\Python311\site-packages\sklearn\metrics\_regression.py:483: FutureWarning: 'squared' is deprecated in version 1.4 and will be removed in 1.6. To calculate the root mean squared error, use the function'root_mean_squared_error'.
  warnings.warn(

2025-11-16 16:39:19,122:WARNING:C:\Users\sande\AppData\Roaming\Python\Python311\site-packages\sklearn\metrics\_regression.py:483: FutureWarning: 'squared' is deprecated in version 1.4 and will be removed in 1.6. To calculate the root mean squared error, use the function'root_mean_squared_error'.
  warnings.warn(

2025-11-16 16:39:43,628:WARNING:C:\Users\sande\AppData\Roaming\Python\Python311\site-packages\sklearn\metrics\_regression.py:483: FutureWarning: 'squared' is deprecated in version 1.4 and will be removed in 1.6. To calculate the root mean squared error, use the function'root_mean_squared_error'.
  warnings.warn(

2025-11-16 16:39:43,631:WARNING:C:\Users\sande\AppData\Roaming\Python\Python311\site-packages\sklearn\metrics\_regression.py:483: FutureWarning: 'squared' is deprecated in version 1.4 and will be removed in 1.6. To calculate the root mean squared error, use the function'root_mean_squared_error'.
  warnings.warn(

2025-11-16 16:39:53,760:WARNING:C:\Users\sande\AppData\Local\Temp\ipykernel_31004\2879815664.py:44: MatplotlibDeprecationWarning: The seaborn styles shipped by Matplotlib are deprecated since 3.6, as they no longer correspond to the styles shipped by seaborn. However, they will remain available as 'seaborn-v0_8-<style>'. Alternatively, directly use the seaborn API instead.
  plt.style.use('seaborn-darkgrid')

2025-11-16 16:40:46,974:WARNING:C:\Users\sande\AppData\Roaming\Python\Python311\site-packages\sklearn\metrics\_regression.py:483: FutureWarning: 'squared' is deprecated in version 1.4 and will be removed in 1.6. To calculate the root mean squared error, use the function'root_mean_squared_error'.
  warnings.warn(

2025-11-16 16:40:46,977:WARNING:C:\Users\sande\AppData\Roaming\Python\Python311\site-packages\sklearn\metrics\_regression.py:483: FutureWarning: 'squared' is deprecated in version 1.4 and will be removed in 1.6. To calculate the root mean squared error, use the function'root_mean_squared_error'.
  warnings.warn(

2025-11-16 16:40:59,781:WARNING:C:\Users\sande\AppData\Local\Temp\ipykernel_31004\2879815664.py:44: MatplotlibDeprecationWarning: The seaborn styles shipped by Matplotlib are deprecated since 3.6, as they no longer correspond to the styles shipped by seaborn. However, they will remain available as 'seaborn-v0_8-<style>'. Alternatively, directly use the seaborn API instead.
  plt.style.use('seaborn-darkgrid')

2025-11-16 16:48:00,007:WARNING:C:\Users\sande\AppData\Roaming\Python\Python311\site-packages\sklearn\metrics\_regression.py:483: FutureWarning: 'squared' is deprecated in version 1.4 and will be removed in 1.6. To calculate the root mean squared error, use the function'root_mean_squared_error'.
  warnings.warn(

2025-11-16 16:48:00,011:WARNING:C:\Users\sande\AppData\Roaming\Python\Python311\site-packages\sklearn\metrics\_regression.py:483: FutureWarning: 'squared' is deprecated in version 1.4 and will be removed in 1.6. To calculate the root mean squared error, use the function'root_mean_squared_error'.
  warnings.warn(

2025-11-16 16:48:39,948:WARNING:C:\Users\sande\AppData\Local\Temp\ipykernel_31004\2879815664.py:44: MatplotlibDeprecationWarning: The seaborn styles shipped by Matplotlib are deprecated since 3.6, as they no longer correspond to the styles shipped by seaborn. However, they will remain available as 'seaborn-v0_8-<style>'. Alternatively, directly use the seaborn API instead.
  plt.style.use('seaborn-darkgrid')

2025-11-16 17:03:20,597:WARNING:C:\Users\sande\AppData\Roaming\Python\Python311\site-packages\sklearn\metrics\_regression.py:483: FutureWarning: 'squared' is deprecated in version 1.4 and will be removed in 1.6. To calculate the root mean squared error, use the function'root_mean_squared_error'.
  warnings.warn(

2025-11-16 17:03:20,600:WARNING:C:\Users\sande\AppData\Roaming\Python\Python311\site-packages\sklearn\metrics\_regression.py:483: FutureWarning: 'squared' is deprecated in version 1.4 and will be removed in 1.6. To calculate the root mean squared error, use the function'root_mean_squared_error'.
  warnings.warn(

2025-11-16 17:03:29,394:WARNING:C:\Users\sande\AppData\Local\Temp\ipykernel_31004\2879815664.py:44: MatplotlibDeprecationWarning: The seaborn styles shipped by Matplotlib are deprecated since 3.6, as they no longer correspond to the styles shipped by seaborn. However, they will remain available as 'seaborn-v0_8-<style>'. Alternatively, directly use the seaborn API instead.
  plt.style.use('seaborn-darkgrid')

2025-11-16 17:04:18,546:WARNING:C:\Users\sande\AppData\Roaming\Python\Python311\site-packages\sklearn\metrics\_regression.py:483: FutureWarning: 'squared' is deprecated in version 1.4 and will be removed in 1.6. To calculate the root mean squared error, use the function'root_mean_squared_error'.
  warnings.warn(

2025-11-16 17:04:18,550:WARNING:C:\Users\sande\AppData\Roaming\Python\Python311\site-packages\sklearn\metrics\_regression.py:483: FutureWarning: 'squared' is deprecated in version 1.4 and will be removed in 1.6. To calculate the root mean squared error, use the function'root_mean_squared_error'.
  warnings.warn(

2025-11-16 17:04:26,257:WARNING:C:\Users\sande\AppData\Local\Temp\ipykernel_31004\2879815664.py:44: MatplotlibDeprecationWarning: The seaborn styles shipped by Matplotlib are deprecated since 3.6, as they no longer correspond to the styles shipped by seaborn. However, they will remain available as 'seaborn-v0_8-<style>'. Alternatively, directly use the seaborn API instead.
  plt.style.use('seaborn-darkgrid')

